{"/home/travis/build/npmtest/node-npmtest-path/test.js":{"path":"/home/travis/build/npmtest/node-npmtest-path/test.js","s":{"1":2,"2":2,"3":2,"4":2,"5":2,"6":2,"7":2,"8":1,"9":2,"10":2,"11":1,"12":1,"13":1,"14":1,"15":2,"16":2,"17":2,"18":2,"19":1,"20":1,"21":2,"22":2,"23":2,"24":1,"25":1,"26":1,"27":1,"28":1,"29":1,"30":1,"31":1,"32":1,"33":1,"34":1,"35":1,"36":1,"37":1,"38":1,"39":2,"40":2,"41":1,"42":2,"43":2,"44":1,"45":2,"46":2,"47":1,"48":2,"49":2,"50":1,"51":1,"52":1,"53":1,"54":1},"b":{"1":[2,1,1,1],"2":[1,1,1,1],"3":[1,1],"4":[1,1],"5":[1,1],"6":[1,1],"7":[1,1],"8":[1,1],"9":[1,1],"10":[1,1,1],"11":[1,1],"12":[1,1],"13":[1,1],"14":[1,1],"15":[1,1],"16":[1,1],"17":[1,1]},"f":{"1":2,"2":2,"3":2,"4":2,"5":2,"6":1,"7":1,"8":1,"9":2,"10":2,"11":2,"12":2,"13":1},"fnMap":{"1":{"name":"(anonymous_1)","line":12,"loc":{"start":{"line":12,"column":1},"end":{"line":12,"column":13}}},"2":{"name":"(anonymous_2)","line":19,"loc":{"start":{"line":19,"column":5},"end":{"line":19,"column":17}}},"3":{"name":"(anonymous_3)","line":23,"loc":{"start":{"line":23,"column":24},"end":{"line":23,"column":36}}},"4":{"name":"(anonymous_4)","line":61,"loc":{"start":{"line":61,"column":5},"end":{"line":61,"column":17}}},"5":{"name":"(anonymous_5)","line":82,"loc":{"start":{"line":82,"column":5},"end":{"line":82,"column":17}}},"6":{"name":"(anonymous_6)","line":91,"loc":{"start":{"line":91,"column":77},"end":{"line":94,"column":10}}},"7":{"name":"(anonymous_7)","line":112,"loc":{"start":{"line":112,"column":83},"end":{"line":115,"column":10}},"skip":true},"8":{"name":"(anonymous_8)","line":123,"loc":{"start":{"line":123,"column":77},"end":{"line":126,"column":10}},"skip":true},"9":{"name":"(anonymous_9)","line":139,"loc":{"start":{"line":139,"column":12},"end":{"line":139,"column":40}},"skip":true},"10":{"name":"(anonymous_10)","line":147,"loc":{"start":{"line":147,"column":77},"end":{"line":150,"column":10}},"skip":true},"11":{"name":"(anonymous_11)","line":158,"loc":{"start":{"line":158,"column":83},"end":{"line":161,"column":10}},"skip":true},"12":{"name":"(anonymous_12)","line":169,"loc":{"start":{"line":169,"column":79},"end":{"line":172,"column":10}},"skip":true},"13":{"name":"(anonymous_13)","line":180,"loc":{"start":{"line":180,"column":75},"end":{"line":183,"column":10}},"skip":true}},"statementMap":{"1":{"start":{"line":12,"column":0},"end":{"line":195,"column":5}},"2":{"start":{"line":14,"column":4},"end":{"line":14,"column":14}},"3":{"start":{"line":19,"column":4},"end":{"line":56,"column":9}},"4":{"start":{"line":21,"column":8},"end":{"line":21,"column":19}},"5":{"start":{"line":23,"column":8},"end":{"line":35,"column":13}},"6":{"start":{"line":24,"column":12},"end":{"line":34,"column":13}},"7":{"start":{"line":25,"column":16},"end":{"line":28,"column":30}},"8":{"start":{"line":30,"column":16},"end":{"line":33,"column":27}},"9":{"start":{"line":37,"column":8},"end":{"line":39,"column":21}},"10":{"start":{"line":40,"column":8},"end":{"line":53,"column":9}},"11":{"start":{"line":43,"column":12},"end":{"line":46,"column":14}},"12":{"start":{"line":47,"column":12},"end":{"line":47,"column":18}},"13":{"start":{"line":50,"column":12},"end":{"line":51,"column":33}},"14":{"start":{"line":52,"column":12},"end":{"line":52,"column":18}},"15":{"start":{"line":55,"column":8},"end":{"line":55,"column":35}},"16":{"start":{"line":61,"column":4},"end":{"line":63,"column":9}},"17":{"start":{"line":62,"column":8},"end":{"line":62,"column":15}},"18":{"start":{"line":64,"column":4},"end":{"line":77,"column":5}},"19":{"start":{"line":70,"column":8},"end":{"line":70,"column":14}},"20":{"start":{"line":76,"column":8},"end":{"line":76,"column":14}},"21":{"start":{"line":82,"column":4},"end":{"line":84,"column":9}},"22":{"start":{"line":83,"column":8},"end":{"line":83,"column":15}},"23":{"start":{"line":85,"column":4},"end":{"line":194,"column":5}},"24":{"start":{"line":91,"column":8},"end":{"line":99,"column":10}},"25":{"start":{"line":98,"column":12},"end":{"line":98,"column":35}},"26":{"start":{"line":102,"column":8},"end":{"line":104,"column":63}},"27":{"start":{"line":105,"column":8},"end":{"line":105,"column":14}},"28":{"start":{"line":112,"column":8},"end":{"line":121,"column":10},"skip":true},"29":{"start":{"line":119,"column":12},"end":{"line":119,"column":55},"skip":true},"30":{"start":{"line":120,"column":12},"end":{"line":120,"column":48},"skip":true},"31":{"start":{"line":123,"column":8},"end":{"line":136,"column":10},"skip":true},"32":{"start":{"line":130,"column":12},"end":{"line":130,"column":76},"skip":true},"33":{"start":{"line":131,"column":12},"end":{"line":131,"column":73},"skip":true},"34":{"start":{"line":132,"column":12},"end":{"line":132,"column":74},"skip":true},"35":{"start":{"line":133,"column":12},"end":{"line":133,"column":79},"skip":true},"36":{"start":{"line":134,"column":12},"end":{"line":134,"column":25},"skip":true},"37":{"start":{"line":135,"column":12},"end":{"line":135,"column":45},"skip":true},"38":{"start":{"line":138,"column":8},"end":{"line":145,"column":14},"skip":true},"39":{"start":{"line":143,"column":16},"end":{"line":143,"column":29},"skip":true},"40":{"start":{"line":144,"column":16},"end":{"line":144,"column":55},"skip":true},"41":{"start":{"line":147,"column":8},"end":{"line":156,"column":10},"skip":true},"42":{"start":{"line":154,"column":12},"end":{"line":154,"column":25},"skip":true},"43":{"start":{"line":155,"column":12},"end":{"line":155,"column":45},"skip":true},"44":{"start":{"line":158,"column":8},"end":{"line":167,"column":10},"skip":true},"45":{"start":{"line":165,"column":12},"end":{"line":165,"column":25},"skip":true},"46":{"start":{"line":166,"column":12},"end":{"line":166,"column":48},"skip":true},"47":{"start":{"line":169,"column":8},"end":{"line":178,"column":10},"skip":true},"48":{"start":{"line":176,"column":12},"end":{"line":176,"column":25},"skip":true},"49":{"start":{"line":177,"column":12},"end":{"line":177,"column":46},"skip":true},"50":{"start":{"line":180,"column":8},"end":{"line":189,"column":10},"skip":true},"51":{"start":{"line":187,"column":12},"end":{"line":187,"column":94},"skip":true},"52":{"start":{"line":188,"column":12},"end":{"line":188,"column":48},"skip":true},"53":{"start":{"line":192,"column":8},"end":{"line":192,"column":35},"skip":true},"54":{"start":{"line":193,"column":8},"end":{"line":193,"column":14},"skip":true}},"branchMap":{"1":{"line":25,"type":"binary-expr","locations":[{"start":{"line":25,"column":23},"end":{"line":25,"column":62}},{"start":{"line":26,"column":20},"end":{"line":26,"column":70}},{"start":{"line":27,"column":20},"end":{"line":27,"column":71}},{"start":{"line":28,"column":20},"end":{"line":28,"column":29}}]},"2":{"line":30,"type":"binary-expr","locations":[{"start":{"line":30,"column":23},"end":{"line":30,"column":37}},{"start":{"line":31,"column":20},"end":{"line":31,"column":61}},{"start":{"line":32,"column":20},"end":{"line":32,"column":70}},{"start":{"line":33,"column":20},"end":{"line":33,"column":26}}]},"3":{"line":37,"type":"cond-expr","locations":[{"start":{"line":38,"column":14},"end":{"line":38,"column":20}},{"start":{"line":39,"column":14},"end":{"line":39,"column":20}}]},"4":{"line":40,"type":"switch","locations":[{"start":{"line":42,"column":8},"end":{"line":47,"column":18}},{"start":{"line":49,"column":8},"end":{"line":52,"column":18}}]},"5":{"line":44,"type":"binary-expr","locations":[{"start":{"line":44,"column":16},"end":{"line":44,"column":44}},{"start":{"line":44,"column":48},"end":{"line":44,"column":66}}]},"6":{"line":50,"type":"binary-expr","locations":[{"start":{"line":50,"column":21},"end":{"line":50,"column":49}},{"start":{"line":50,"column":53},"end":{"line":50,"column":72}}]},"7":{"line":64,"type":"switch","locations":[{"start":{"line":69,"column":4},"end":{"line":70,"column":14}},{"start":{"line":75,"column":4},"end":{"line":76,"column":14}}]},"8":{"line":85,"type":"switch","locations":[{"start":{"line":90,"column":4},"end":{"line":105,"column":14}},{"start":{"line":111,"column":4},"end":{"line":193,"column":14},"skip":true}]},"9":{"line":91,"type":"binary-expr","locations":[{"start":{"line":91,"column":42},"end":{"line":91,"column":73}},{"start":{"line":91,"column":77},"end":{"line":99,"column":9}}]},"10":{"line":102,"type":"binary-expr","locations":[{"start":{"line":102,"column":18},"end":{"line":102,"column":32}},{"start":{"line":103,"column":12},"end":{"line":103,"column":53}},{"start":{"line":104,"column":12},"end":{"line":104,"column":61}}]},"11":{"line":112,"type":"binary-expr","locations":[{"start":{"line":112,"column":45},"end":{"line":112,"column":79},"skip":true},{"start":{"line":112,"column":83},"end":{"line":121,"column":9},"skip":true}]},"12":{"line":123,"type":"binary-expr","locations":[{"start":{"line":123,"column":42},"end":{"line":123,"column":73},"skip":true},{"start":{"line":123,"column":77},"end":{"line":136,"column":9},"skip":true}]},"13":{"line":138,"type":"binary-expr","locations":[{"start":{"line":138,"column":48},"end":{"line":138,"column":85},"skip":true},{"start":{"line":139,"column":12},"end":{"line":145,"column":13},"skip":true}]},"14":{"line":147,"type":"binary-expr","locations":[{"start":{"line":147,"column":42},"end":{"line":147,"column":73},"skip":true},{"start":{"line":147,"column":77},"end":{"line":156,"column":9},"skip":true}]},"15":{"line":158,"type":"binary-expr","locations":[{"start":{"line":158,"column":45},"end":{"line":158,"column":79},"skip":true},{"start":{"line":158,"column":83},"end":{"line":167,"column":9},"skip":true}]},"16":{"line":169,"type":"binary-expr","locations":[{"start":{"line":169,"column":43},"end":{"line":169,"column":75},"skip":true},{"start":{"line":169,"column":79},"end":{"line":178,"column":9},"skip":true}]},"17":{"line":180,"type":"binary-expr","locations":[{"start":{"line":180,"column":41},"end":{"line":180,"column":71},"skip":true},{"start":{"line":180,"column":75},"end":{"line":189,"column":9},"skip":true}]}},"code":["/* istanbul instrument in package npmtest_path */","/*jslint","    bitwise: true,","    browser: true,","    maxerr: 8,","    maxlen: 96,","    node: true,","    nomen: true,","    regexp: true,","    stupid: true","*/","(function () {","    'use strict';","    var local;","","","","    // run shared js-env code - pre-init","    (function () {","        // init local","        local = {};","        // init modeJs","        local.modeJs = (function () {","            try {","                return typeof navigator.userAgent === 'string' &&","                    typeof document.querySelector('body') === 'object' &&","                    typeof XMLHttpRequest.prototype.open === 'function' &&","                    'browser';","            } catch (errorCaughtBrowser) {","                return module.exports &&","                    typeof process.versions.node === 'string' &&","                    typeof require('http').createServer === 'function' &&","                    'node';","            }","        }());","        // init global","        local.global = local.modeJs === 'browser'","            ? window","            : global;","        switch (local.modeJs) {","        // re-init local from window.local","        case 'browser':","            local = local.global.utility2.objectSetDefault(","                local.global.utility2_rollup || local.global.local,","                local.global.utility2","            );","            break;","        // re-init local from example.js","        case 'node':","            local = (local.global.utility2_rollup || require('utility2'))","                .requireReadme();","            break;","        }","        // export local","        local.global.local = local;","    }());","","","","    // run shared js-env code - function","    (function () {","        return;","    }());","    switch (local.modeJs) {","","","","    // run browser js-env code - function","    case 'browser':","        break;","","","","    // run node js-env code - function","    case 'node':","        break;","    }","","","","    // run shared js-env code - post-init","    (function () {","        return;","    }());","    switch (local.modeJs) {","","","","    // run browser js-env code - post-init","    case 'browser':","        local.testCase_browser_nullCase = local.testCase_browser_nullCase || function (","            options,","            onError","        ) {","        /*","         * this function will test browsers's null-case handling-behavior-behavior","         */","            onError(null, options);","        };","","        // run tests","        local.nop(local.modeTest &&","            document.querySelector('#testRunButton1') &&","            document.querySelector('#testRunButton1').click());","        break;","","","","    // run node js-env code - post-init","    /* istanbul ignore next */","    case 'node':","        local.testCase_buildApidoc_default = local.testCase_buildApidoc_default || function (","            options,","            onError","        ) {","        /*","         * this function will test buildApidoc's default handling-behavior-behavior","         */","            options = { modulePathList: module.paths };","            local.buildApidoc(options, onError);","        };","","        local.testCase_buildApp_default = local.testCase_buildApp_default || function (","            options,","            onError","        ) {","        /*","         * this function will test buildApp's default handling-behavior-behavior","         */","            local.testCase_buildReadme_default(options, local.onErrorThrow);","            local.testCase_buildLib_default(options, local.onErrorThrow);","            local.testCase_buildTest_default(options, local.onErrorThrow);","            local.testCase_buildCustomOrg_default(options, local.onErrorThrow);","            options = [];","            local.buildApp(options, onError);","        };","","        local.testCase_buildCustomOrg_default = local.testCase_buildCustomOrg_default ||","            function (options, onError) {","            /*","             * this function will test buildCustomOrg's default handling-behavior","             */","                options = {};","                local.buildCustomOrg(options, onError);","            };","","        local.testCase_buildLib_default = local.testCase_buildLib_default || function (","            options,","            onError","        ) {","        /*","         * this function will test buildLib's default handling-behavior","         */","            options = {};","            local.buildLib(options, onError);","        };","","        local.testCase_buildReadme_default = local.testCase_buildReadme_default || function (","            options,","            onError","        ) {","        /*","         * this function will test buildReadme's default handling-behavior-behavior","         */","            options = {};","            local.buildReadme(options, onError);","        };","","        local.testCase_buildTest_default = local.testCase_buildTest_default || function (","            options,","            onError","        ) {","        /*","         * this function will test buildTest's default handling-behavior","         */","            options = {};","            local.buildTest(options, onError);","        };","","        local.testCase_webpage_default = local.testCase_webpage_default || function (","            options,","            onError","        ) {","        /*","         * this function will test webpage's default handling-behavior","         */","            options = { modeCoverageMerge: true, url: local.serverLocalHost + '?modeTest=1' };","            local.browserTest(options, onError);","        };","","        // run test-server","        local.testRunServer(local);","        break;","    }","}());",""],"l":{"12":2,"14":2,"19":2,"21":2,"23":2,"24":2,"25":2,"30":1,"37":2,"40":2,"43":1,"47":1,"50":1,"52":1,"55":2,"61":2,"62":2,"64":2,"70":1,"76":1,"82":2,"83":2,"85":2,"91":1,"98":1,"102":1,"105":1,"112":1,"119":1,"120":1,"123":1,"130":1,"131":1,"132":1,"133":1,"134":1,"135":1,"138":1,"143":2,"144":2,"147":1,"154":2,"155":2,"158":1,"165":2,"166":2,"169":1,"176":2,"177":2,"180":1,"187":1,"188":1,"192":1,"193":1}},"/home/travis/build/npmtest/node-npmtest-path/lib.npmtest_path.js":{"path":"/home/travis/build/npmtest/node-npmtest-path/lib.npmtest_path.js","s":{"1":2,"2":2,"3":2,"4":2,"5":2,"6":2,"7":2,"8":1,"9":2,"10":2,"11":2,"12":2,"13":1,"14":1,"15":1,"16":1},"b":{"1":[2,1,1,1],"2":[1,1,1,1],"3":[1,1],"4":[2,2],"5":[1,1]},"f":{"1":2,"2":2,"3":2},"fnMap":{"1":{"name":"(anonymous_1)","line":12,"loc":{"start":{"line":12,"column":1},"end":{"line":12,"column":13}}},"2":{"name":"(anonymous_2)","line":19,"loc":{"start":{"line":19,"column":5},"end":{"line":19,"column":17}}},"3":{"name":"(anonymous_3)","line":23,"loc":{"start":{"line":23,"column":24},"end":{"line":23,"column":36}}}},"statementMap":{"1":{"start":{"line":12,"column":0},"end":{"line":53,"column":5}},"2":{"start":{"line":14,"column":4},"end":{"line":14,"column":14}},"3":{"start":{"line":19,"column":4},"end":{"line":52,"column":9}},"4":{"start":{"line":21,"column":8},"end":{"line":21,"column":19}},"5":{"start":{"line":23,"column":8},"end":{"line":35,"column":13}},"6":{"start":{"line":24,"column":12},"end":{"line":34,"column":13}},"7":{"start":{"line":25,"column":16},"end":{"line":28,"column":30}},"8":{"start":{"line":30,"column":16},"end":{"line":33,"column":27}},"9":{"start":{"line":37,"column":8},"end":{"line":39,"column":21}},"10":{"start":{"line":41,"column":8},"end":{"line":41,"column":54}},"11":{"start":{"line":43,"column":8},"end":{"line":43,"column":49}},"12":{"start":{"line":45,"column":8},"end":{"line":51,"column":9}},"13":{"start":{"line":46,"column":12},"end":{"line":46,"column":55}},"14":{"start":{"line":48,"column":12},"end":{"line":48,"column":35}},"15":{"start":{"line":49,"column":12},"end":{"line":49,"column":49}},"16":{"start":{"line":50,"column":12},"end":{"line":50,"column":43}}},"branchMap":{"1":{"line":25,"type":"binary-expr","locations":[{"start":{"line":25,"column":23},"end":{"line":25,"column":62}},{"start":{"line":26,"column":20},"end":{"line":26,"column":70}},{"start":{"line":27,"column":20},"end":{"line":27,"column":71}},{"start":{"line":28,"column":20},"end":{"line":28,"column":29}}]},"2":{"line":30,"type":"binary-expr","locations":[{"start":{"line":30,"column":23},"end":{"line":30,"column":37}},{"start":{"line":31,"column":20},"end":{"line":31,"column":61}},{"start":{"line":32,"column":20},"end":{"line":32,"column":70}},{"start":{"line":33,"column":20},"end":{"line":33,"column":26}}]},"3":{"line":37,"type":"cond-expr","locations":[{"start":{"line":38,"column":14},"end":{"line":38,"column":20}},{"start":{"line":39,"column":14},"end":{"line":39,"column":20}}]},"4":{"line":41,"type":"binary-expr","locations":[{"start":{"line":41,"column":16},"end":{"line":41,"column":44}},{"start":{"line":41,"column":48},"end":{"line":41,"column":53}}]},"5":{"line":45,"type":"if","locations":[{"start":{"line":45,"column":8},"end":{"line":45,"column":8}},{"start":{"line":45,"column":8},"end":{"line":45,"column":8}}]}},"code":["/* istanbul instrument in package npmtest_path */","/*jslint","    bitwise: true,","    browser: true,","    maxerr: 8,","    maxlen: 96,","    node: true,","    nomen: true,","    regexp: true,","    stupid: true","*/","(function () {","    'use strict';","    var local;","","","","    // run shared js-env code - pre-init","    (function () {","        // init local","        local = {};","        // init modeJs","        local.modeJs = (function () {","            try {","                return typeof navigator.userAgent === 'string' &&","                    typeof document.querySelector('body') === 'object' &&","                    typeof XMLHttpRequest.prototype.open === 'function' &&","                    'browser';","            } catch (errorCaughtBrowser) {","                return module.exports &&","                    typeof process.versions.node === 'string' &&","                    typeof require('http').createServer === 'function' &&","                    'node';","            }","        }());","        // init global","        local.global = local.modeJs === 'browser'","            ? window","            : global;","        // init utility2_rollup","        local = local.global.utility2_rollup || local;","        // init lib","        local.local = local.npmtest_path = local;","        // init exports","        if (local.modeJs === 'browser') {","            local.global.utility2_npmtest_path = local;","        } else {","            module.exports = local;","            module.exports.__dirname = __dirname;","            module.exports.module = module;","        }","    }());","}());",""],"l":{"12":2,"14":2,"19":2,"21":2,"23":2,"24":2,"25":2,"30":1,"37":2,"41":2,"43":2,"45":2,"46":1,"48":1,"49":1,"50":1}},"/home/travis/build/npmtest/node-npmtest-path/example.js":{"path":"/home/travis/build/npmtest/node-npmtest-path/example.js","s":{"1":2,"2":2,"3":2,"4":2,"5":2,"6":2,"7":2,"8":1,"9":2,"10":2,"11":2,"12":2,"13":1,"14":2,"15":2,"16":2,"17":2,"18":2,"19":0,"20":2,"21":1,"22":1,"23":1,"24":1,"25":1,"26":0,"27":0,"28":1,"29":1,"30":2,"31":0,"32":0,"33":0,"34":1,"35":2,"36":2,"37":3,"38":3,"39":3,"40":3,"41":0,"42":3,"43":3,"44":3,"45":1,"46":3,"47":1,"48":1,"49":1,"50":1,"51":1,"52":1,"53":1,"54":1,"55":1,"56":1,"57":0,"58":1,"59":6,"60":6,"61":1,"62":2,"63":0,"64":2,"65":1,"66":1,"67":0,"68":0,"69":0,"70":0,"71":0,"72":0,"73":0,"74":0,"75":0,"76":0,"77":0,"78":0,"79":0,"80":0,"81":0,"82":0,"83":0},"b":{"1":[2,1,1,1],"2":[1,1,1,1],"3":[1,1],"4":[2,2],"5":[1,1],"6":[1,1],"7":[2,0],"8":[2,1,1,1,1,1],"9":[0,2,0],"10":[1,1],"11":[2,1,1],"12":[1,0],"13":[0,2],"14":[2,0,0,0,0,0,0],"15":[0,3],"16":[3,0],"17":[1,1],"18":[0,1],"19":[1,2,0,2],"20":[1,0],"21":[1,1],"22":[0,0],"23":[0,0],"24":[0,0],"25":[0,0],"26":[0,0],"27":[0,0],"28":[0,0]},"f":{"1":2,"2":2,"3":2,"4":2,"5":2,"6":2,"7":3,"8":3,"9":3,"10":1,"11":6,"12":0},"fnMap":{"1":{"name":"(anonymous_1)","line":26,"loc":{"start":{"line":26,"column":1},"end":{"line":26,"column":13}}},"2":{"name":"(anonymous_2)","line":33,"loc":{"start":{"line":33,"column":5},"end":{"line":33,"column":17}}},"3":{"name":"(anonymous_3)","line":37,"loc":{"start":{"line":37,"column":24},"end":{"line":37,"column":36}}},"4":{"name":"(anonymous_4)","line":69,"loc":{"start":{"line":69,"column":31},"end":{"line":69,"column":48}},"skip":true},"5":{"name":"(anonymous_5)","line":78,"loc":{"start":{"line":78,"column":26},"end":{"line":78,"column":45}},"skip":true},"6":{"name":"(anonymous_6)","line":123,"loc":{"start":{"line":123,"column":33},"end":{"line":123,"column":48}},"skip":true},"7":{"name":"(anonymous_7)","line":125,"loc":{"start":{"line":125,"column":27},"end":{"line":125,"column":39}},"skip":true},"8":{"name":"(anonymous_8)","line":133,"loc":{"start":{"line":133,"column":59},"end":{"line":133,"column":74}},"skip":true},"9":{"name":"(anonymous_9)","line":143,"loc":{"start":{"line":143,"column":45},"end":{"line":143,"column":62}},"skip":true},"10":{"name":"(anonymous_10)","line":144,"loc":{"start":{"line":144,"column":73},"end":{"line":144,"column":92}},"skip":true},"11":{"name":"(anonymous_11)","line":272,"loc":{"start":{"line":272,"column":51},"end":{"line":272,"column":77}},"skip":true},"12":{"name":"(anonymous_12)","line":315,"loc":{"start":{"line":315,"column":32},"end":{"line":315,"column":61}},"skip":true}},"statementMap":{"1":{"start":{"line":26,"column":0},"end":{"line":326,"column":5}},"2":{"start":{"line":28,"column":4},"end":{"line":28,"column":14}},"3":{"start":{"line":33,"column":4},"end":{"line":60,"column":9}},"4":{"start":{"line":35,"column":8},"end":{"line":35,"column":19}},"5":{"start":{"line":37,"column":8},"end":{"line":49,"column":13}},"6":{"start":{"line":38,"column":12},"end":{"line":48,"column":13}},"7":{"start":{"line":39,"column":16},"end":{"line":42,"column":30}},"8":{"start":{"line":44,"column":16},"end":{"line":47,"column":27}},"9":{"start":{"line":51,"column":8},"end":{"line":53,"column":21}},"10":{"start":{"line":55,"column":8},"end":{"line":57,"column":45}},"11":{"start":{"line":59,"column":8},"end":{"line":59,"column":35}},"12":{"start":{"line":61,"column":4},"end":{"line":325,"column":5}},"13":{"start":{"line":69,"column":8},"end":{"line":121,"column":10},"skip":true},"14":{"start":{"line":70,"column":12},"end":{"line":88,"column":13},"skip":true},"15":{"start":{"line":76,"column":16},"end":{"line":87,"column":19},"skip":true},"16":{"start":{"line":79,"column":20},"end":{"line":86,"column":21},"skip":true},"17":{"start":{"line":82,"column":24},"end":{"line":82,"column":43},"skip":true},"18":{"start":{"line":83,"column":24},"end":{"line":83,"column":30},"skip":true},"19":{"start":{"line":85,"column":24},"end":{"line":85,"column":49},"skip":true},"20":{"start":{"line":89,"column":12},"end":{"line":107,"column":13},"skip":true},"21":{"start":{"line":92,"column":16},"end":{"line":102,"column":17},"skip":true},"22":{"start":{"line":93,"column":20},"end":{"line":93,"column":86},"skip":true},"23":{"start":{"line":94,"column":20},"end":{"line":95,"column":45},"skip":true},"24":{"start":{"line":96,"column":20},"end":{"line":96,"column":42},"skip":true},"25":{"start":{"line":97,"column":20},"end":{"line":97,"column":48},"skip":true},"26":{"start":{"line":100,"column":20},"end":{"line":100,"column":85},"skip":true},"27":{"start":{"line":101,"column":20},"end":{"line":101,"column":96},"skip":true},"28":{"start":{"line":103,"column":16},"end":{"line":103,"column":22},"skip":true},"29":{"start":{"line":106,"column":16},"end":{"line":106,"column":22},"skip":true},"30":{"start":{"line":108,"column":12},"end":{"line":120,"column":13},"skip":true},"31":{"start":{"line":114,"column":16},"end":{"line":119,"column":17},"skip":true},"32":{"start":{"line":116,"column":20},"end":{"line":116,"column":78},"skip":true},"33":{"start":{"line":118,"column":20},"end":{"line":118,"column":47},"skip":true},"34":{"start":{"line":123,"column":8},"end":{"line":141,"column":11},"skip":true},"35":{"start":{"line":124,"column":12},"end":{"line":124,"column":54},"skip":true},"36":{"start":{"line":125,"column":12},"end":{"line":140,"column":14},"skip":true},"37":{"start":{"line":126,"column":16},"end":{"line":126,"column":28},"skip":true},"38":{"start":{"line":127,"column":16},"end":{"line":127,"column":69},"skip":true},"39":{"start":{"line":128,"column":16},"end":{"line":128,"column":75},"skip":true},"40":{"start":{"line":129,"column":16},"end":{"line":131,"column":17},"skip":true},"41":{"start":{"line":130,"column":20},"end":{"line":130,"column":27},"skip":true},"42":{"start":{"line":133,"column":16},"end":{"line":137,"column":36},"skip":true},"43":{"start":{"line":134,"column":20},"end":{"line":136,"column":55},"skip":true},"44":{"start":{"line":139,"column":16},"end":{"line":139,"column":57},"skip":true},"45":{"start":{"line":143,"column":8},"end":{"line":147,"column":11},"skip":true},"46":{"start":{"line":144,"column":12},"end":{"line":146,"column":15},"skip":true},"47":{"start":{"line":145,"column":16},"end":{"line":145,"column":70},"skip":true},"48":{"start":{"line":149,"column":8},"end":{"line":149,"column":31},"skip":true},"49":{"start":{"line":150,"column":8},"end":{"line":150,"column":14},"skip":true},"50":{"start":{"line":158,"column":8},"end":{"line":158,"column":31},"skip":true},"51":{"start":{"line":160,"column":8},"end":{"line":160,"column":33},"skip":true},"52":{"start":{"line":161,"column":8},"end":{"line":161,"column":37},"skip":true},"53":{"start":{"line":162,"column":8},"end":{"line":162,"column":35},"skip":true},"54":{"start":{"line":164,"column":8},"end":{"line":164,"column":50},"skip":true},"55":{"start":{"line":166,"column":8},"end":{"line":256,"column":2},"skip":true},"56":{"start":{"line":258,"column":8},"end":{"line":286,"column":9},"skip":true},"57":{"start":{"line":259,"column":12},"end":{"line":269,"column":14},"skip":true},"58":{"start":{"line":271,"column":12},"end":{"line":285,"column":19},"skip":true},"59":{"start":{"line":274,"column":20},"end":{"line":274,"column":35},"skip":true},"60":{"start":{"line":275,"column":20},"end":{"line":284,"column":21},"skip":true},"61":{"start":{"line":277,"column":24},"end":{"line":277,"column":64},"skip":true},"62":{"start":{"line":279,"column":24},"end":{"line":279,"column":40},"skip":true},"63":{"start":{"line":281,"column":24},"end":{"line":281,"column":40},"skip":true},"64":{"start":{"line":283,"column":24},"end":{"line":283,"column":39},"skip":true},"65":{"start":{"line":288,"column":8},"end":{"line":290,"column":9},"skip":true},"66":{"start":{"line":289,"column":12},"end":{"line":289,"column":18},"skip":true},"67":{"start":{"line":291,"column":8},"end":{"line":293,"column":54},"skip":true},"68":{"start":{"line":296,"column":8},"end":{"line":301,"column":37},"skip":true},"69":{"start":{"line":303,"column":8},"end":{"line":303,"column":82},"skip":true},"70":{"start":{"line":306,"column":8},"end":{"line":308,"column":9},"skip":true},"71":{"start":{"line":307,"column":12},"end":{"line":307,"column":82},"skip":true},"72":{"start":{"line":310,"column":8},"end":{"line":312,"column":9},"skip":true},"73":{"start":{"line":311,"column":12},"end":{"line":311,"column":18},"skip":true},"74":{"start":{"line":313,"column":8},"end":{"line":313,"column":54},"skip":true},"75":{"start":{"line":314,"column":8},"end":{"line":314,"column":69},"skip":true},"76":{"start":{"line":315,"column":8},"end":{"line":323,"column":36},"skip":true},"77":{"start":{"line":316,"column":12},"end":{"line":316,"column":61},"skip":true},"78":{"start":{"line":317,"column":12},"end":{"line":320,"column":13},"skip":true},"79":{"start":{"line":318,"column":16},"end":{"line":318,"column":75},"skip":true},"80":{"start":{"line":319,"column":16},"end":{"line":319,"column":23},"skip":true},"81":{"start":{"line":321,"column":12},"end":{"line":321,"column":38},"skip":true},"82":{"start":{"line":322,"column":12},"end":{"line":322,"column":27},"skip":true},"83":{"start":{"line":324,"column":8},"end":{"line":324,"column":14},"skip":true}},"branchMap":{"1":{"line":39,"type":"binary-expr","locations":[{"start":{"line":39,"column":23},"end":{"line":39,"column":62}},{"start":{"line":40,"column":20},"end":{"line":40,"column":70}},{"start":{"line":41,"column":20},"end":{"line":41,"column":71}},{"start":{"line":42,"column":20},"end":{"line":42,"column":29}}]},"2":{"line":44,"type":"binary-expr","locations":[{"start":{"line":44,"column":23},"end":{"line":44,"column":37}},{"start":{"line":45,"column":20},"end":{"line":45,"column":61}},{"start":{"line":46,"column":20},"end":{"line":46,"column":70}},{"start":{"line":47,"column":20},"end":{"line":47,"column":26}}]},"3":{"line":51,"type":"cond-expr","locations":[{"start":{"line":52,"column":14},"end":{"line":52,"column":20}},{"start":{"line":53,"column":14},"end":{"line":53,"column":20}}]},"4":{"line":55,"type":"binary-expr","locations":[{"start":{"line":55,"column":16},"end":{"line":55,"column":44}},{"start":{"line":55,"column":49},"end":{"line":57,"column":43}}]},"5":{"line":55,"type":"cond-expr","locations":[{"start":{"line":56,"column":14},"end":{"line":56,"column":48}},{"start":{"line":57,"column":14},"end":{"line":57,"column":43}}]},"6":{"line":61,"type":"switch","locations":[{"start":{"line":68,"column":4},"end":{"line":150,"column":14},"skip":true},{"start":{"line":156,"column":4},"end":{"line":324,"column":14},"skip":true}]},"7":{"line":70,"type":"if","locations":[{"start":{"line":70,"column":12},"end":{"line":70,"column":12},"skip":true},{"start":{"line":70,"column":12},"end":{"line":70,"column":12},"skip":true}]},"8":{"line":70,"type":"binary-expr","locations":[{"start":{"line":70,"column":16},"end":{"line":70,"column":22},"skip":true},{"start":{"line":70,"column":27},"end":{"line":70,"column":32},"skip":true},{"start":{"line":71,"column":20},"end":{"line":71,"column":39},"skip":true},{"start":{"line":72,"column":20},"end":{"line":72,"column":49},"skip":true},{"start":{"line":73,"column":20},"end":{"line":73,"column":58},"skip":true},{"start":{"line":74,"column":20},"end":{"line":74,"column":69},"skip":true}]},"9":{"line":79,"type":"switch","locations":[{"start":{"line":80,"column":20},"end":{"line":80,"column":33},"skip":true},{"start":{"line":81,"column":20},"end":{"line":83,"column":30},"skip":true},{"start":{"line":84,"column":20},"end":{"line":85,"column":49},"skip":true}]},"10":{"line":89,"type":"switch","locations":[{"start":{"line":90,"column":12},"end":{"line":103,"column":22},"skip":true},{"start":{"line":105,"column":12},"end":{"line":106,"column":22},"skip":true}]},"11":{"line":89,"type":"binary-expr","locations":[{"start":{"line":89,"column":20},"end":{"line":89,"column":25},"skip":true},{"start":{"line":89,"column":29},"end":{"line":89,"column":48},"skip":true},{"start":{"line":89,"column":52},"end":{"line":89,"column":74},"skip":true}]},"12":{"line":92,"type":"if","locations":[{"start":{"line":92,"column":16},"end":{"line":92,"column":16},"skip":true},{"start":{"line":92,"column":16},"end":{"line":92,"column":16},"skip":true}]},"13":{"line":108,"type":"if","locations":[{"start":{"line":108,"column":12},"end":{"line":108,"column":12},"skip":true},{"start":{"line":108,"column":12},"end":{"line":108,"column":12},"skip":true}]},"14":{"line":108,"type":"binary-expr","locations":[{"start":{"line":108,"column":16},"end":{"line":108,"column":61},"skip":true},{"start":{"line":108,"column":66},"end":{"line":108,"column":72},"skip":true},{"start":{"line":108,"column":77},"end":{"line":108,"column":82},"skip":true},{"start":{"line":109,"column":20},"end":{"line":109,"column":39},"skip":true},{"start":{"line":110,"column":20},"end":{"line":110,"column":49},"skip":true},{"start":{"line":111,"column":20},"end":{"line":111,"column":58},"skip":true},{"start":{"line":112,"column":20},"end":{"line":112,"column":68},"skip":true}]},"15":{"line":129,"type":"if","locations":[{"start":{"line":129,"column":16},"end":{"line":129,"column":16},"skip":true},{"start":{"line":129,"column":16},"end":{"line":129,"column":16},"skip":true}]},"16":{"line":134,"type":"cond-expr","locations":[{"start":{"line":135,"column":26},"end":{"line":135,"column":29},"skip":true},{"start":{"line":136,"column":26},"end":{"line":136,"column":54},"skip":true}]},"17":{"line":164,"type":"binary-expr","locations":[{"start":{"line":164,"column":27},"end":{"line":164,"column":43},"skip":true},{"start":{"line":164,"column":47},"end":{"line":164,"column":49},"skip":true}]},"18":{"line":258,"type":"if","locations":[{"start":{"line":258,"column":8},"end":{"line":258,"column":8},"skip":true},{"start":{"line":258,"column":8},"end":{"line":258,"column":8},"skip":true}]},"19":{"line":275,"type":"switch","locations":[{"start":{"line":276,"column":20},"end":{"line":277,"column":64},"skip":true},{"start":{"line":278,"column":20},"end":{"line":279,"column":40},"skip":true},{"start":{"line":280,"column":20},"end":{"line":281,"column":40},"skip":true},{"start":{"line":282,"column":20},"end":{"line":283,"column":39},"skip":true}]},"20":{"line":288,"type":"if","locations":[{"start":{"line":288,"column":8},"end":{"line":288,"column":8},"skip":true},{"start":{"line":288,"column":8},"end":{"line":288,"column":8},"skip":true}]},"21":{"line":288,"type":"binary-expr","locations":[{"start":{"line":288,"column":12},"end":{"line":288,"column":40},"skip":true},{"start":{"line":288,"column":44},"end":{"line":288,"column":67},"skip":true}]},"22":{"line":292,"type":"binary-expr","locations":[{"start":{"line":292,"column":12},"end":{"line":292,"column":50},"skip":true},{"start":{"line":293,"column":12},"end":{"line":293,"column":53},"skip":true}]},"23":{"line":297,"type":"binary-expr","locations":[{"start":{"line":297,"column":12},"end":{"line":297,"column":62},"skip":true},{"start":{"line":298,"column":12},"end":{"line":301,"column":36},"skip":true}]},"24":{"line":303,"type":"binary-expr","locations":[{"start":{"line":303,"column":43},"end":{"line":303,"column":75},"skip":true},{"start":{"line":303,"column":79},"end":{"line":303,"column":81},"skip":true}]},"25":{"line":306,"type":"if","locations":[{"start":{"line":306,"column":8},"end":{"line":306,"column":8},"skip":true},{"start":{"line":306,"column":8},"end":{"line":306,"column":8},"skip":true}]},"26":{"line":310,"type":"if","locations":[{"start":{"line":310,"column":8},"end":{"line":310,"column":8},"skip":true},{"start":{"line":310,"column":8},"end":{"line":310,"column":8},"skip":true}]},"27":{"line":313,"type":"binary-expr","locations":[{"start":{"line":313,"column":27},"end":{"line":313,"column":43},"skip":true},{"start":{"line":313,"column":47},"end":{"line":313,"column":53},"skip":true}]},"28":{"line":317,"type":"if","locations":[{"start":{"line":317,"column":12},"end":{"line":317,"column":12},"skip":true},{"start":{"line":317,"column":12},"end":{"line":317,"column":12},"skip":true}]}},"code":["/*","example.js","","quickstart example","","instruction","    1. save this script as example.js","    2. run the shell command:","        $ npm install npmtest-path && PORT=8081 node example.js","    3. play with the browser-demo on http://127.0.0.1:8081","*/","","","","/* istanbul instrument in package npmtest_path */","/*jslint","    bitwise: true,","    browser: true,","    maxerr: 8,","    maxlen: 96,","    node: true,","    nomen: true,","    regexp: true,","    stupid: true","*/","(function () {","    'use strict';","    var local;","","","","    // run shared js-env code - pre-init","    (function () {","        // init local","        local = {};","        // init modeJs","        local.modeJs = (function () {","            try {","                return typeof navigator.userAgent === 'string' &&","                    typeof document.querySelector('body') === 'object' &&","                    typeof XMLHttpRequest.prototype.open === 'function' &&","                    'browser';","            } catch (errorCaughtBrowser) {","                return module.exports &&","                    typeof process.versions.node === 'string' &&","                    typeof require('http').createServer === 'function' &&","                    'node';","            }","        }());","        // init global","        local.global = local.modeJs === 'browser'","            ? window","            : global;","        // init utility2_rollup","        local = local.global.utility2_rollup || (local.modeJs === 'browser'","            ? local.global.utility2_npmtest_path","            : global.utility2_moduleExports);","        // export local","        local.global.local = local;","    }());","    switch (local.modeJs) {","","","","    // post-init","    // run browser js-env code - post-init","    /* istanbul ignore next */","    case 'browser':","        local.testRunBrowser = function (event) {","            if (!event || (event &&","                    event.currentTarget &&","                    event.currentTarget.className &&","                    event.currentTarget.className.includes &&","                    event.currentTarget.className.includes('onreset'))) {","                // reset output","                Array.from(","                    document.querySelectorAll('body > .resettable')","                ).forEach(function (element) {","                    switch (element.tagName) {","                    case 'INPUT':","                    case 'TEXTAREA':","                        element.value = '';","                        break;","                    default:","                        element.textContent = '';","                    }","                });","            }","            switch (event && event.currentTarget && event.currentTarget.id) {","            case 'testRunButton1':","                // show tests","                if (document.querySelector('#testReportDiv1').style.display === 'none') {","                    document.querySelector('#testReportDiv1').style.display = 'block';","                    document.querySelector('#testRunButton1').textContent =","                        'hide internal test';","                    local.modeTest = true;","                    local.testRunDefault(local);","                // hide tests","                } else {","                    document.querySelector('#testReportDiv1').style.display = 'none';","                    document.querySelector('#testRunButton1').textContent = 'run internal test';","                }","                break;","            // custom-case","            default:","                break;","            }","            if (document.querySelector('#inputTextareaEval1') && (!event || (event &&","                    event.currentTarget &&","                    event.currentTarget.className &&","                    event.currentTarget.className.includes &&","                    event.currentTarget.className.includes('oneval')))) {","                // try to eval input-code","                try {","                    /*jslint evil: true*/","                    eval(document.querySelector('#inputTextareaEval1').value);","                } catch (errorCaught) {","                    console.error(errorCaught);","                }","            }","        };","        // log stderr and stdout to #outputTextareaStdout1","        ['error', 'log'].forEach(function (key) {","            console[key + '_original'] = console[key];","            console[key] = function () {","                var element;","                console[key + '_original'].apply(console, arguments);","                element = document.querySelector('#outputTextareaStdout1');","                if (!element) {","                    return;","                }","                // append text to #outputTextareaStdout1","                element.value += Array.from(arguments).map(function (arg) {","                    return typeof arg === 'string'","                        ? arg","                        : JSON.stringify(arg, null, 4);","                }).join(' ') + '\\n';","                // scroll textarea to bottom","                element.scrollTop = element.scrollHeight;","            };","        });","        // init event-handling","        ['change', 'click', 'keyup'].forEach(function (event) {","            Array.from(document.querySelectorAll('.on' + event)).forEach(function (element) {","                element.addEventListener(event, local.testRunBrowser);","            });","        });","        // run tests","        local.testRunBrowser();","        break;","","","","    // run node js-env code - post-init","    /* istanbul ignore next */","    case 'node':","        // export local","        module.exports = local;","        // require modules","        local.fs = require('fs');","        local.http = require('http');","        local.url = require('url');","        // init assets","        local.assetsDict = local.assetsDict || {};","        /* jslint-ignore-begin */","        local.assetsDict['/assets.index.template.html'] = '\\","<!doctype html>\\n\\","<html lang=\"en\">\\n\\","<head>\\n\\","<meta charset=\"UTF-8\">\\n\\","<meta name=\"viewport\" content=\"width=device-width, initial-scale=1\">\\n\\","<title>{{env.npm_package_name}} (v{{env.npm_package_version}})</title>\\n\\","<style>\\n\\","/*csslint\\n\\","    box-sizing: false,\\n\\","    universal-selector: false\\n\\","*/\\n\\","* {\\n\\","    box-sizing: border-box;\\n\\","}\\n\\","body {\\n\\","    background: #dde;\\n\\","    font-family: Arial, Helvetica, sans-serif;\\n\\","    margin: 2rem;\\n\\","}\\n\\","body > * {\\n\\","    margin-bottom: 1rem;\\n\\","}\\n\\",".utility2FooterDiv {\\n\\","    margin-top: 20px;\\n\\","    text-align: center;\\n\\","}\\n\\","</style>\\n\\","<style>\\n\\","/*csslint\\n\\","*/\\n\\","textarea {\\n\\","    font-family: monospace;\\n\\","    height: 10rem;\\n\\","    width: 100%;\\n\\","}\\n\\","textarea[readonly] {\\n\\","    background: #ddd;\\n\\","}\\n\\","</style>\\n\\","</head>\\n\\","<body>\\n\\","<!-- utility2-comment\\n\\","<div id=\"ajaxProgressDiv1\" style=\"background: #d00; height: 2px; left: 0; margin: 0; padding: 0; position: fixed; top: 0; transition: background 0.5s, width 1.5s; width: 25%;\"></div>\\n\\","utility2-comment -->\\n\\","<h1>\\n\\","<!-- utility2-comment\\n\\","    <a\\n\\","        {{#if env.npm_package_homepage}}\\n\\","        href=\"{{env.npm_package_homepage}}\"\\n\\","        {{/if env.npm_package_homepage}}\\n\\","        target=\"_blank\"\\n\\","    >\\n\\","utility2-comment -->\\n\\","        {{env.npm_package_name}} (v{{env.npm_package_version}})\\n\\","<!-- utility2-comment\\n\\","    </a>\\n\\","utility2-comment -->\\n\\","</h1>\\n\\","<h3>{{env.npm_package_description}}</h3>\\n\\","<!-- utility2-comment\\n\\","<h4><a download href=\"assets.app.js\">download standalone app</a></h4>\\n\\","<button class=\"onclick onreset\" id=\"testRunButton1\">run internal test</button><br>\\n\\","<div id=\"testReportDiv1\" style=\"display: none;\"></div>\\n\\","utility2-comment -->\\n\\","\\n\\","\\n\\","\\n\\","<label>stderr and stdout</label>\\n\\","<textarea class=\"resettable\" id=\"outputTextareaStdout1\" readonly></textarea>\\n\\","<!-- utility2-comment\\n\\","{{#if isRollup}}\\n\\","<script src=\"assets.app.js\"></script>\\n\\","{{#unless isRollup}}\\n\\","utility2-comment -->\\n\\","<script src=\"assets.utility2.rollup.js\"></script>\\n\\","<script src=\"jsonp.utility2._stateInit?callback=window.utility2._stateInit\"></script>\\n\\","<script src=\"assets.npmtest_path.rollup.js\"></script>\\n\\","<script src=\"assets.example.js\"></script>\\n\\","<script src=\"assets.test.js\"></script>\\n\\","<!-- utility2-comment\\n\\","{{/if isRollup}}\\n\\","utility2-comment -->\\n\\","<div class=\"utility2FooterDiv\">\\n\\","    [ this app was created with\\n\\","    <a href=\"https://github.com/kaizhu256/node-utility2\" target=\"_blank\">utility2</a>\\n\\","    ]\\n\\","</div>\\n\\","</body>\\n\\","</html>\\n\\","';","        /* jslint-ignore-end */","        if (local.templateRender) {","            local.assetsDict['/'] = local.templateRender(","                local.assetsDict['/assets.index.template.html'],","                {","                    env: local.objectSetDefault(local.env, {","                        npm_package_description: 'the greatest app in the world!',","                        npm_package_name: 'my-app',","                        npm_package_nameAlias: 'my_app',","                        npm_package_version: '0.0.1'","                    })","                }","            );","        } else {","            local.assetsDict['/'] = local.assetsDict['/assets.index.template.html']","                .replace((/\\{\\{env\\.(\\w+?)\\}\\}/g), function (match0, match1) {","                    // jslint-hack","                    String(match0);","                    switch (match1) {","                    case 'npm_package_description':","                        return 'the greatest app in the world!';","                    case 'npm_package_name':","                        return 'my-app';","                    case 'npm_package_nameAlias':","                        return 'my_app';","                    case 'npm_package_version':","                        return '0.0.1';","                    }","                });","        }","        // run the cli","        if (local.global.utility2_rollup || module !== require.main) {","            break;","        }","        local.assetsDict['/assets.example.js'] =","            local.assetsDict['/assets.example.js'] ||","            local.fs.readFileSync(__filename, 'utf8');","        // bug-workaround - long $npm_package_buildCustomOrg","        /* jslint-ignore-begin */","        local.assetsDict['/assets.npmtest_path.rollup.js'] =","            local.assetsDict['/assets.npmtest_path.rollup.js'] ||","            local.fs.readFileSync(","                local.npmtest_path.__dirname + '/lib.npmtest_path.js',","                'utf8'","            ).replace((/^#!/), '//');","        /* jslint-ignore-end */","        local.assetsDict['/favicon.ico'] = local.assetsDict['/favicon.ico'] || '';","        // if $npm_config_timeout_exit exists,","        // then exit this process after $npm_config_timeout_exit ms","        if (Number(process.env.npm_config_timeout_exit)) {","            setTimeout(process.exit, Number(process.env.npm_config_timeout_exit));","        }","        // start server","        if (local.global.utility2_serverHttp1) {","            break;","        }","        process.env.PORT = process.env.PORT || '8081';","        console.error('server starting on port ' + process.env.PORT);","        local.http.createServer(function (request, response) {","            request.urlParsed = local.url.parse(request.url);","            if (local.assetsDict[request.urlParsed.pathname] !== undefined) {","                response.end(local.assetsDict[request.urlParsed.pathname]);","                return;","            }","            response.statusCode = 404;","            response.end();","        }).listen(process.env.PORT);","        break;","    }","}());",""],"l":{"26":2,"28":2,"33":2,"35":2,"37":2,"38":2,"39":2,"44":1,"51":2,"55":2,"59":2,"61":2,"69":1,"70":2,"76":2,"79":2,"82":2,"83":2,"85":1,"89":2,"92":1,"93":1,"94":1,"96":1,"97":1,"100":1,"101":1,"103":1,"106":1,"108":2,"114":1,"116":1,"118":1,"123":1,"124":2,"125":2,"126":3,"127":3,"128":3,"129":3,"130":1,"133":3,"134":3,"139":3,"143":1,"144":3,"145":1,"149":1,"150":1,"158":1,"160":1,"161":1,"162":1,"164":1,"166":1,"258":1,"259":1,"271":1,"274":6,"275":6,"277":1,"279":2,"281":1,"283":2,"288":1,"289":1,"291":1,"296":1,"303":1,"306":1,"307":1,"310":1,"311":1,"313":1,"314":1,"315":1,"316":1,"317":1,"318":1,"319":1,"321":1,"322":1,"324":1}},"/home/travis/build/npmtest/node-npmtest-path/node_modules/path/path.js":{"path":"/home/travis/build/npmtest/node-npmtest-path/node_modules/path/path.js","s":{"1":1,"2":1,"3":1,"4":0,"5":0,"6":0,"7":0,"8":0,"9":0,"10":0,"11":0,"12":0,"13":0,"14":0,"15":0,"16":1,"17":0,"18":0,"19":0,"20":0,"21":0,"22":0,"23":0,"24":0,"25":0,"26":0,"27":0,"28":0,"29":0,"30":0,"31":1,"32":1,"33":1,"34":1,"35":0,"36":0,"37":0,"38":1,"39":0,"40":0,"41":1,"42":0,"43":1,"44":0,"45":0,"46":0,"47":0,"48":0,"49":0,"50":0,"51":0,"52":0,"53":0,"54":0,"55":0,"56":0,"57":0,"58":0,"59":0,"60":0,"61":0,"62":0,"63":0,"64":0,"65":0,"66":0,"67":0,"68":0,"69":0,"70":0,"71":0,"72":1,"73":0,"74":0,"75":0,"76":0,"77":0,"78":0,"79":0,"80":0,"81":0,"82":1,"83":0,"84":1,"85":0,"86":0,"87":0,"88":0,"89":0,"90":0,"91":0,"92":0,"93":0,"94":0,"95":0,"96":1,"97":0,"98":0,"99":0,"100":0,"101":0,"102":0,"103":0,"104":0,"105":0,"106":0,"107":0,"108":0,"109":0,"110":0,"111":0,"112":0,"113":0,"114":0,"115":0,"116":0,"117":1,"118":0,"119":0,"120":0,"121":0,"122":0,"123":0,"124":0,"125":0,"126":0,"127":0,"128":1,"129":0,"130":0,"131":0,"132":0,"133":0,"134":0,"135":1,"136":0,"137":0,"138":0,"139":0,"140":1,"141":0,"142":1,"143":0,"144":0,"145":0,"146":0,"147":0,"148":0,"149":0,"150":0,"151":0,"152":0,"153":0,"154":0,"155":1,"156":0,"157":0,"158":0,"159":0,"160":0,"161":0,"162":1,"163":1,"164":1,"165":1,"166":1,"167":0,"168":1,"169":0,"170":0,"171":0,"172":0,"173":0,"174":0,"175":0,"176":0,"177":0,"178":0,"179":0,"180":1,"181":0,"182":0,"183":0,"184":0,"185":0,"186":0,"187":0,"188":1,"189":0,"190":1,"191":0,"192":0,"193":0,"194":0,"195":0,"196":0,"197":0,"198":0,"199":0,"200":0,"201":1,"202":0,"203":0,"204":0,"205":0,"206":0,"207":0,"208":0,"209":0,"210":0,"211":0,"212":0,"213":0,"214":0,"215":0,"216":0,"217":1,"218":0,"219":1,"220":0,"221":0,"222":0,"223":0,"224":0,"225":0,"226":1,"227":0,"228":0,"229":0,"230":0,"231":1,"232":0,"233":1,"234":0,"235":0,"236":0,"237":0,"238":0,"239":0,"240":0,"241":0,"242":1,"243":0,"244":0,"245":0,"246":0,"247":0,"248":0,"249":0,"250":0,"251":0,"252":1,"253":1,"254":1,"255":0,"256":1,"257":1,"258":1},"b":{"1":[0,0],"2":[0,0],"3":[0,0],"4":[0,0],"5":[0,0],"6":[0,0],"7":[0,0],"8":[0,0],"9":[0,0],"10":[0,0],"11":[0,0],"12":[0,0],"13":[0,0],"14":[0,0],"15":[0,0],"16":[0,0],"17":[0,0],"18":[0,0],"19":[0,0],"20":[0,0],"21":[0,0],"22":[0,0],"23":[0,0],"24":[0,0],"25":[0,0,0],"26":[0,0],"27":[0,0],"28":[0,0],"29":[0,0],"30":[0,0],"31":[0,0],"32":[0,0],"33":[0,0],"34":[0,0],"35":[0,0],"36":[0,0],"37":[0,0],"38":[0,0],"39":[0,0],"40":[0,0],"41":[0,0],"42":[0,0],"43":[0,0],"44":[0,0],"45":[0,0],"46":[0,0],"47":[0,0],"48":[0,0],"49":[0,0],"50":[0,0],"51":[0,0],"52":[0,0],"53":[0,0],"54":[0,0],"55":[0,0],"56":[0,0],"57":[0,0],"58":[0,0],"59":[0,0],"60":[0,0],"61":[0,0],"62":[0,0],"63":[0,0],"64":[0,0],"65":[0,0],"66":[0,0],"67":[0,0],"68":[0,0],"69":[0,0],"70":[0,0],"71":[0,0],"72":[0,0],"73":[0,0],"74":[0,0],"75":[0,0],"76":[0,0],"77":[0,0],"78":[0,0],"79":[0,0],"80":[0,0],"81":[0,0],"82":[0,0],"83":[0,0],"84":[0,0],"85":[0,0],"86":[0,0],"87":[0,0],"88":[0,0],"89":[0,0],"90":[0,0],"91":[0,0],"92":[0,0],"93":[0,0],"94":[0,1]},"f":{"1":0,"2":0,"3":0,"4":0,"5":0,"6":0,"7":0,"8":0,"9":0,"10":0,"11":0,"12":0,"13":0,"14":0,"15":0,"16":0,"17":0,"18":0,"19":0,"20":0,"21":0,"22":0,"23":0,"24":0,"25":0,"26":0,"27":0,"28":0},"fnMap":{"1":{"name":"normalizeArray","line":33,"loc":{"start":{"line":33,"column":0},"end":{"line":33,"column":47}}},"2":{"name":"trimArray","line":58,"loc":{"start":{"line":58,"column":0},"end":{"line":58,"column":24}}},"3":{"name":"win32SplitPath","line":91,"loc":{"start":{"line":91,"column":0},"end":{"line":91,"column":34}}},"4":{"name":"win32StatPath","line":104,"loc":{"start":{"line":104,"column":0},"end":{"line":104,"column":29}}},"5":{"name":"normalizeUNCRoot","line":116,"loc":{"start":{"line":116,"column":0},"end":{"line":116,"column":34}}},"6":{"name":"(anonymous_6)","line":121,"loc":{"start":{"line":121,"column":16},"end":{"line":121,"column":27}}},"7":{"name":"(anonymous_7)","line":198,"loc":{"start":{"line":198,"column":18},"end":{"line":198,"column":33}}},"8":{"name":"(anonymous_8)","line":226,"loc":{"start":{"line":226,"column":19},"end":{"line":226,"column":34}}},"9":{"name":"(anonymous_9)","line":230,"loc":{"start":{"line":230,"column":13},"end":{"line":230,"column":24}}},"10":{"name":"(anonymous_10)","line":270,"loc":{"start":{"line":270,"column":17},"end":{"line":270,"column":36}}},"11":{"name":"(anonymous_11)","line":307,"loc":{"start":{"line":307,"column":18},"end":{"line":307,"column":33}}},"12":{"name":"(anonymous_12)","line":332,"loc":{"start":{"line":332,"column":16},"end":{"line":332,"column":31}}},"13":{"name":"(anonymous_13)","line":351,"loc":{"start":{"line":351,"column":17},"end":{"line":351,"column":37}}},"14":{"name":"(anonymous_14)","line":361,"loc":{"start":{"line":361,"column":16},"end":{"line":361,"column":31}}},"15":{"name":"(anonymous_15)","line":366,"loc":{"start":{"line":366,"column":15},"end":{"line":366,"column":36}}},"16":{"name":"(anonymous_16)","line":394,"loc":{"start":{"line":394,"column":14},"end":{"line":394,"column":35}}},"17":{"name":"posixSplitPath","line":425,"loc":{"start":{"line":425,"column":0},"end":{"line":425,"column":34}}},"18":{"name":"(anonymous_18)","line":432,"loc":{"start":{"line":432,"column":16},"end":{"line":432,"column":27}}},"19":{"name":"(anonymous_19)","line":462,"loc":{"start":{"line":462,"column":18},"end":{"line":462,"column":33}}},"20":{"name":"(anonymous_20)","line":480,"loc":{"start":{"line":480,"column":19},"end":{"line":480,"column":34}}},"21":{"name":"(anonymous_21)","line":485,"loc":{"start":{"line":485,"column":13},"end":{"line":485,"column":24}}},"22":{"name":"(anonymous_22)","line":506,"loc":{"start":{"line":506,"column":17},"end":{"line":506,"column":36}}},"23":{"name":"(anonymous_23)","line":533,"loc":{"start":{"line":533,"column":18},"end":{"line":533,"column":33}}},"24":{"name":"(anonymous_24)","line":538,"loc":{"start":{"line":538,"column":16},"end":{"line":538,"column":31}}},"25":{"name":"(anonymous_25)","line":557,"loc":{"start":{"line":557,"column":17},"end":{"line":557,"column":37}}},"26":{"name":"(anonymous_26)","line":567,"loc":{"start":{"line":567,"column":16},"end":{"line":567,"column":31}}},"27":{"name":"(anonymous_27)","line":572,"loc":{"start":{"line":572,"column":15},"end":{"line":572,"column":36}}},"28":{"name":"(anonymous_28)","line":594,"loc":{"start":{"line":594,"column":14},"end":{"line":594,"column":35}}}},"statementMap":{"1":{"start":{"line":25,"column":0},"end":{"line":25,"column":45}},"2":{"start":{"line":26,"column":0},"end":{"line":26,"column":27}},"3":{"start":{"line":33,"column":0},"end":{"line":54,"column":1}},"4":{"start":{"line":34,"column":2},"end":{"line":34,"column":15}},"5":{"start":{"line":35,"column":2},"end":{"line":51,"column":3}},"6":{"start":{"line":36,"column":4},"end":{"line":36,"column":21}},"7":{"start":{"line":39,"column":4},"end":{"line":40,"column":15}},"8":{"start":{"line":40,"column":6},"end":{"line":40,"column":15}},"9":{"start":{"line":42,"column":4},"end":{"line":50,"column":5}},"10":{"start":{"line":43,"column":6},"end":{"line":47,"column":7}},"11":{"start":{"line":44,"column":8},"end":{"line":44,"column":18}},"12":{"start":{"line":45,"column":13},"end":{"line":47,"column":7}},"13":{"start":{"line":46,"column":8},"end":{"line":46,"column":23}},"14":{"start":{"line":49,"column":6},"end":{"line":49,"column":18}},"15":{"start":{"line":53,"column":2},"end":{"line":53,"column":13}},"16":{"start":{"line":58,"column":0},"end":{"line":77,"column":1}},"17":{"start":{"line":59,"column":2},"end":{"line":59,"column":33}},"18":{"start":{"line":60,"column":2},"end":{"line":60,"column":16}},"19":{"start":{"line":61,"column":2},"end":{"line":64,"column":3}},"20":{"start":{"line":62,"column":4},"end":{"line":63,"column":12}},"21":{"start":{"line":63,"column":6},"end":{"line":63,"column":12}},"22":{"start":{"line":66,"column":2},"end":{"line":66,"column":22}},"23":{"start":{"line":67,"column":2},"end":{"line":70,"column":3}},"24":{"start":{"line":68,"column":4},"end":{"line":69,"column":12}},"25":{"start":{"line":69,"column":6},"end":{"line":69,"column":12}},"26":{"start":{"line":72,"column":2},"end":{"line":73,"column":15}},"27":{"start":{"line":73,"column":4},"end":{"line":73,"column":15}},"28":{"start":{"line":74,"column":2},"end":{"line":75,"column":14}},"29":{"start":{"line":75,"column":4},"end":{"line":75,"column":14}},"30":{"start":{"line":76,"column":2},"end":{"line":76,"column":35}},"31":{"start":{"line":81,"column":0},"end":{"line":82,"column":73}},"32":{"start":{"line":85,"column":0},"end":{"line":86,"column":68}},"33":{"start":{"line":88,"column":0},"end":{"line":88,"column":15}},"34":{"start":{"line":91,"column":0},"end":{"line":102,"column":1}},"35":{"start":{"line":93,"column":2},"end":{"line":95,"column":29}},"36":{"start":{"line":97,"column":2},"end":{"line":100,"column":23}},"37":{"start":{"line":101,"column":2},"end":{"line":101,"column":38}},"38":{"start":{"line":104,"column":0},"end":{"line":114,"column":1}},"39":{"start":{"line":105,"column":2},"end":{"line":107,"column":44}},"40":{"start":{"line":108,"column":2},"end":{"line":113,"column":4}},"41":{"start":{"line":116,"column":0},"end":{"line":118,"column":1}},"42":{"start":{"line":117,"column":2},"end":{"line":117,"column":75}},"43":{"start":{"line":121,"column":0},"end":{"line":195,"column":2}},"44":{"start":{"line":122,"column":2},"end":{"line":124,"column":31}},"45":{"start":{"line":126,"column":2},"end":{"line":177,"column":3}},"46":{"start":{"line":127,"column":4},"end":{"line":127,"column":13}},"47":{"start":{"line":128,"column":4},"end":{"line":144,"column":5}},"48":{"start":{"line":129,"column":6},"end":{"line":129,"column":26}},"49":{"start":{"line":130,"column":11},"end":{"line":144,"column":5}},"50":{"start":{"line":131,"column":6},"end":{"line":131,"column":27}},"51":{"start":{"line":137,"column":6},"end":{"line":137,"column":47}},"52":{"start":{"line":140,"column":6},"end":{"line":143,"column":7}},"53":{"start":{"line":142,"column":8},"end":{"line":142,"column":37}},"54":{"start":{"line":147,"column":4},"end":{"line":151,"column":5}},"55":{"start":{"line":148,"column":6},"end":{"line":148,"column":71}},"56":{"start":{"line":149,"column":11},"end":{"line":151,"column":5}},"57":{"start":{"line":150,"column":6},"end":{"line":150,"column":15}},"58":{"start":{"line":153,"column":4},"end":{"line":157,"column":27}},"59":{"start":{"line":159,"column":4},"end":{"line":164,"column":5}},"60":{"start":{"line":163,"column":6},"end":{"line":163,"column":15}},"61":{"start":{"line":166,"column":4},"end":{"line":168,"column":5}},"62":{"start":{"line":167,"column":6},"end":{"line":167,"column":30}},"63":{"start":{"line":169,"column":4},"end":{"line":172,"column":5}},"64":{"start":{"line":170,"column":6},"end":{"line":170,"column":48}},"65":{"start":{"line":171,"column":6},"end":{"line":171,"column":36}},"66":{"start":{"line":174,"column":4},"end":{"line":176,"column":5}},"67":{"start":{"line":175,"column":6},"end":{"line":175,"column":12}},"68":{"start":{"line":181,"column":2},"end":{"line":183,"column":3}},"69":{"start":{"line":182,"column":4},"end":{"line":182,"column":54}},"70":{"start":{"line":190,"column":2},"end":{"line":191,"column":62}},"71":{"start":{"line":193,"column":2},"end":{"line":194,"column":13}},"72":{"start":{"line":198,"column":0},"end":{"line":223,"column":2}},"73":{"start":{"line":199,"column":2},"end":{"line":204,"column":43}},"74":{"start":{"line":207,"column":2},"end":{"line":207,"column":71}},"75":{"start":{"line":209,"column":2},"end":{"line":211,"column":3}},"76":{"start":{"line":210,"column":4},"end":{"line":210,"column":15}},"77":{"start":{"line":212,"column":2},"end":{"line":214,"column":3}},"78":{"start":{"line":213,"column":4},"end":{"line":213,"column":17}},"79":{"start":{"line":218,"column":2},"end":{"line":220,"column":3}},"80":{"start":{"line":219,"column":4},"end":{"line":219,"column":38}},"81":{"start":{"line":222,"column":2},"end":{"line":222,"column":50}},"82":{"start":{"line":226,"column":0},"end":{"line":228,"column":2}},"83":{"start":{"line":227,"column":2},"end":{"line":227,"column":40}},"84":{"start":{"line":230,"column":0},"end":{"line":262,"column":2}},"85":{"start":{"line":231,"column":2},"end":{"line":231,"column":17}},"86":{"start":{"line":232,"column":2},"end":{"line":240,"column":3}},"87":{"start":{"line":233,"column":4},"end":{"line":233,"column":27}},"88":{"start":{"line":234,"column":4},"end":{"line":236,"column":5}},"89":{"start":{"line":235,"column":6},"end":{"line":235,"column":68}},"90":{"start":{"line":237,"column":4},"end":{"line":239,"column":5}},"91":{"start":{"line":238,"column":6},"end":{"line":238,"column":22}},"92":{"start":{"line":242,"column":2},"end":{"line":242,"column":32}},"93":{"start":{"line":257,"column":2},"end":{"line":259,"column":3}},"94":{"start":{"line":258,"column":4},"end":{"line":258,"column":49}},"95":{"start":{"line":261,"column":2},"end":{"line":261,"column":33}},"96":{"start":{"line":270,"column":0},"end":{"line":304,"column":2}},"97":{"start":{"line":271,"column":2},"end":{"line":271,"column":29}},"98":{"start":{"line":272,"column":2},"end":{"line":272,"column":25}},"99":{"start":{"line":275,"column":2},"end":{"line":275,"column":37}},"100":{"start":{"line":276,"column":2},"end":{"line":276,"column":33}},"101":{"start":{"line":278,"column":2},"end":{"line":278,"column":42}},"102":{"start":{"line":280,"column":2},"end":{"line":280,"column":56}},"103":{"start":{"line":281,"column":2},"end":{"line":281,"column":52}},"104":{"start":{"line":283,"column":2},"end":{"line":283,"column":68}},"105":{"start":{"line":284,"column":2},"end":{"line":284,"column":31}},"106":{"start":{"line":285,"column":2},"end":{"line":290,"column":3}},"107":{"start":{"line":286,"column":4},"end":{"line":289,"column":5}},"108":{"start":{"line":287,"column":6},"end":{"line":287,"column":26}},"109":{"start":{"line":288,"column":6},"end":{"line":288,"column":12}},"110":{"start":{"line":292,"column":2},"end":{"line":294,"column":3}},"111":{"start":{"line":293,"column":4},"end":{"line":293,"column":14}},"112":{"start":{"line":296,"column":2},"end":{"line":296,"column":23}},"113":{"start":{"line":297,"column":2},"end":{"line":299,"column":3}},"114":{"start":{"line":298,"column":4},"end":{"line":298,"column":27}},"115":{"start":{"line":301,"column":2},"end":{"line":301,"column":67}},"116":{"start":{"line":303,"column":2},"end":{"line":303,"column":32}},"117":{"start":{"line":307,"column":0},"end":{"line":329,"column":2}},"118":{"start":{"line":309,"column":2},"end":{"line":310,"column":16}},"119":{"start":{"line":310,"column":4},"end":{"line":310,"column":16}},"120":{"start":{"line":312,"column":2},"end":{"line":314,"column":3}},"121":{"start":{"line":313,"column":4},"end":{"line":313,"column":14}},"122":{"start":{"line":316,"column":2},"end":{"line":316,"column":41}},"123":{"start":{"line":318,"column":2},"end":{"line":326,"column":3}},"124":{"start":{"line":321,"column":4},"end":{"line":321,"column":36}},"125":{"start":{"line":322,"column":9},"end":{"line":326,"column":3}},"126":{"start":{"line":325,"column":4},"end":{"line":325,"column":54}},"127":{"start":{"line":328,"column":2},"end":{"line":328,"column":14}},"128":{"start":{"line":332,"column":0},"end":{"line":348,"column":2}},"129":{"start":{"line":333,"column":2},"end":{"line":335,"column":22}},"130":{"start":{"line":337,"column":2},"end":{"line":340,"column":3}},"131":{"start":{"line":339,"column":4},"end":{"line":339,"column":15}},"132":{"start":{"line":342,"column":2},"end":{"line":345,"column":3}},"133":{"start":{"line":344,"column":4},"end":{"line":344,"column":40}},"134":{"start":{"line":347,"column":2},"end":{"line":347,"column":20}},"135":{"start":{"line":351,"column":0},"end":{"line":358,"column":2}},"136":{"start":{"line":352,"column":2},"end":{"line":352,"column":34}},"137":{"start":{"line":354,"column":2},"end":{"line":356,"column":3}},"138":{"start":{"line":355,"column":4},"end":{"line":355,"column":43}},"139":{"start":{"line":357,"column":2},"end":{"line":357,"column":11}},"140":{"start":{"line":361,"column":0},"end":{"line":363,"column":2}},"141":{"start":{"line":362,"column":2},"end":{"line":362,"column":33}},"142":{"start":{"line":366,"column":0},"end":{"line":391,"column":2}},"143":{"start":{"line":367,"column":2},"end":{"line":371,"column":3}},"144":{"start":{"line":368,"column":4},"end":{"line":370,"column":6}},"145":{"start":{"line":373,"column":2},"end":{"line":373,"column":35}},"146":{"start":{"line":375,"column":2},"end":{"line":380,"column":3}},"147":{"start":{"line":376,"column":4},"end":{"line":379,"column":6}},"148":{"start":{"line":382,"column":2},"end":{"line":382,"column":27}},"149":{"start":{"line":383,"column":2},"end":{"line":383,"column":35}},"150":{"start":{"line":384,"column":2},"end":{"line":386,"column":3}},"151":{"start":{"line":385,"column":4},"end":{"line":385,"column":16}},"152":{"start":{"line":387,"column":2},"end":{"line":389,"column":3}},"153":{"start":{"line":388,"column":4},"end":{"line":388,"column":22}},"154":{"start":{"line":390,"column":2},"end":{"line":390,"column":32}},"155":{"start":{"line":394,"column":0},"end":{"line":411,"column":2}},"156":{"start":{"line":395,"column":2},"end":{"line":399,"column":3}},"157":{"start":{"line":396,"column":4},"end":{"line":398,"column":6}},"158":{"start":{"line":400,"column":2},"end":{"line":400,"column":44}},"159":{"start":{"line":401,"column":2},"end":{"line":403,"column":3}},"160":{"start":{"line":402,"column":4},"end":{"line":402,"column":61}},"161":{"start":{"line":404,"column":2},"end":{"line":410,"column":4}},"162":{"start":{"line":414,"column":0},"end":{"line":414,"column":17}},"163":{"start":{"line":415,"column":0},"end":{"line":415,"column":22}},"164":{"start":{"line":420,"column":0},"end":{"line":421,"column":68}},"165":{"start":{"line":422,"column":0},"end":{"line":422,"column":15}},"166":{"start":{"line":425,"column":0},"end":{"line":427,"column":1}},"167":{"start":{"line":426,"column":2},"end":{"line":426,"column":45}},"168":{"start":{"line":432,"column":0},"end":{"line":458,"column":2}},"169":{"start":{"line":433,"column":2},"end":{"line":434,"column":31}},"170":{"start":{"line":436,"column":2},"end":{"line":448,"column":3}},"171":{"start":{"line":437,"column":4},"end":{"line":437,"column":55}},"172":{"start":{"line":440,"column":4},"end":{"line":444,"column":5}},"173":{"start":{"line":441,"column":6},"end":{"line":441,"column":71}},"174":{"start":{"line":442,"column":11},"end":{"line":444,"column":5}},"175":{"start":{"line":443,"column":6},"end":{"line":443,"column":15}},"176":{"start":{"line":446,"column":4},"end":{"line":446,"column":45}},"177":{"start":{"line":447,"column":4},"end":{"line":447,"column":39}},"178":{"start":{"line":454,"column":2},"end":{"line":455,"column":61}},"179":{"start":{"line":457,"column":2},"end":{"line":457,"column":63}},"180":{"start":{"line":462,"column":0},"end":{"line":477,"column":2}},"181":{"start":{"line":463,"column":2},"end":{"line":464,"column":60}},"182":{"start":{"line":467,"column":2},"end":{"line":467,"column":64}},"183":{"start":{"line":469,"column":2},"end":{"line":471,"column":3}},"184":{"start":{"line":470,"column":4},"end":{"line":470,"column":15}},"185":{"start":{"line":472,"column":2},"end":{"line":474,"column":3}},"186":{"start":{"line":473,"column":4},"end":{"line":473,"column":16}},"187":{"start":{"line":476,"column":2},"end":{"line":476,"column":40}},"188":{"start":{"line":480,"column":0},"end":{"line":482,"column":2}},"189":{"start":{"line":481,"column":2},"end":{"line":481,"column":32}},"190":{"start":{"line":485,"column":0},"end":{"line":501,"column":2}},"191":{"start":{"line":486,"column":2},"end":{"line":486,"column":16}},"192":{"start":{"line":487,"column":2},"end":{"line":499,"column":3}},"193":{"start":{"line":488,"column":4},"end":{"line":488,"column":31}},"194":{"start":{"line":489,"column":4},"end":{"line":491,"column":5}},"195":{"start":{"line":490,"column":6},"end":{"line":490,"column":68}},"196":{"start":{"line":492,"column":4},"end":{"line":498,"column":5}},"197":{"start":{"line":493,"column":6},"end":{"line":497,"column":7}},"198":{"start":{"line":494,"column":8},"end":{"line":494,"column":24}},"199":{"start":{"line":496,"column":8},"end":{"line":496,"column":30}},"200":{"start":{"line":500,"column":2},"end":{"line":500,"column":31}},"201":{"start":{"line":506,"column":0},"end":{"line":530,"column":2}},"202":{"start":{"line":507,"column":2},"end":{"line":507,"column":39}},"203":{"start":{"line":508,"column":2},"end":{"line":508,"column":35}},"204":{"start":{"line":510,"column":2},"end":{"line":510,"column":45}},"205":{"start":{"line":511,"column":2},"end":{"line":511,"column":41}},"206":{"start":{"line":513,"column":2},"end":{"line":513,"column":58}},"207":{"start":{"line":514,"column":2},"end":{"line":514,"column":31}},"208":{"start":{"line":515,"column":2},"end":{"line":520,"column":3}},"209":{"start":{"line":516,"column":4},"end":{"line":519,"column":5}},"210":{"start":{"line":517,"column":6},"end":{"line":517,"column":26}},"211":{"start":{"line":518,"column":6},"end":{"line":518,"column":12}},"212":{"start":{"line":522,"column":2},"end":{"line":522,"column":23}},"213":{"start":{"line":523,"column":2},"end":{"line":525,"column":3}},"214":{"start":{"line":524,"column":4},"end":{"line":524,"column":27}},"215":{"start":{"line":527,"column":2},"end":{"line":527,"column":67}},"216":{"start":{"line":529,"column":2},"end":{"line":529,"column":31}},"217":{"start":{"line":533,"column":0},"end":{"line":535,"column":2}},"218":{"start":{"line":534,"column":2},"end":{"line":534,"column":14}},"219":{"start":{"line":538,"column":0},"end":{"line":554,"column":2}},"220":{"start":{"line":539,"column":2},"end":{"line":541,"column":22}},"221":{"start":{"line":543,"column":2},"end":{"line":546,"column":3}},"222":{"start":{"line":545,"column":4},"end":{"line":545,"column":15}},"223":{"start":{"line":548,"column":2},"end":{"line":551,"column":3}},"224":{"start":{"line":550,"column":4},"end":{"line":550,"column":40}},"225":{"start":{"line":553,"column":2},"end":{"line":553,"column":20}},"226":{"start":{"line":557,"column":0},"end":{"line":564,"column":2}},"227":{"start":{"line":558,"column":2},"end":{"line":558,"column":34}},"228":{"start":{"line":560,"column":2},"end":{"line":562,"column":3}},"229":{"start":{"line":561,"column":4},"end":{"line":561,"column":43}},"230":{"start":{"line":563,"column":2},"end":{"line":563,"column":11}},"231":{"start":{"line":567,"column":0},"end":{"line":569,"column":2}},"232":{"start":{"line":568,"column":2},"end":{"line":568,"column":33}},"233":{"start":{"line":572,"column":0},"end":{"line":591,"column":2}},"234":{"start":{"line":573,"column":2},"end":{"line":577,"column":3}},"235":{"start":{"line":574,"column":4},"end":{"line":576,"column":6}},"236":{"start":{"line":579,"column":2},"end":{"line":579,"column":35}},"237":{"start":{"line":581,"column":2},"end":{"line":586,"column":3}},"238":{"start":{"line":582,"column":4},"end":{"line":585,"column":6}},"239":{"start":{"line":588,"column":2},"end":{"line":588,"column":61}},"240":{"start":{"line":589,"column":2},"end":{"line":589,"column":35}},"241":{"start":{"line":590,"column":2},"end":{"line":590,"column":20}},"242":{"start":{"line":594,"column":0},"end":{"line":615,"column":2}},"243":{"start":{"line":595,"column":2},"end":{"line":599,"column":3}},"244":{"start":{"line":596,"column":4},"end":{"line":598,"column":6}},"245":{"start":{"line":600,"column":2},"end":{"line":600,"column":44}},"246":{"start":{"line":601,"column":2},"end":{"line":603,"column":3}},"247":{"start":{"line":602,"column":4},"end":{"line":602,"column":61}},"248":{"start":{"line":604,"column":2},"end":{"line":604,"column":34}},"249":{"start":{"line":605,"column":2},"end":{"line":605,"column":34}},"250":{"start":{"line":606,"column":2},"end":{"line":606,"column":34}},"251":{"start":{"line":608,"column":2},"end":{"line":614,"column":4}},"252":{"start":{"line":618,"column":0},"end":{"line":618,"column":16}},"253":{"start":{"line":619,"column":0},"end":{"line":619,"column":22}},"254":{"start":{"line":622,"column":0},"end":{"line":625,"column":25}},"255":{"start":{"line":623,"column":2},"end":{"line":623,"column":25}},"256":{"start":{"line":625,"column":2},"end":{"line":625,"column":25}},"257":{"start":{"line":627,"column":0},"end":{"line":627,"column":29}},"258":{"start":{"line":628,"column":0},"end":{"line":628,"column":29}}},"branchMap":{"1":{"line":39,"type":"if","locations":[{"start":{"line":39,"column":4},"end":{"line":39,"column":4}},{"start":{"line":39,"column":4},"end":{"line":39,"column":4}}]},"2":{"line":39,"type":"binary-expr","locations":[{"start":{"line":39,"column":8},"end":{"line":39,"column":10}},{"start":{"line":39,"column":14},"end":{"line":39,"column":23}}]},"3":{"line":42,"type":"if","locations":[{"start":{"line":42,"column":4},"end":{"line":42,"column":4}},{"start":{"line":42,"column":4},"end":{"line":42,"column":4}}]},"4":{"line":43,"type":"if","locations":[{"start":{"line":43,"column":6},"end":{"line":43,"column":6}},{"start":{"line":43,"column":6},"end":{"line":43,"column":6}}]},"5":{"line":43,"type":"binary-expr","locations":[{"start":{"line":43,"column":10},"end":{"line":43,"column":20}},{"start":{"line":43,"column":24},"end":{"line":43,"column":52}}]},"6":{"line":45,"type":"if","locations":[{"start":{"line":45,"column":13},"end":{"line":45,"column":13}},{"start":{"line":45,"column":13},"end":{"line":45,"column":13}}]},"7":{"line":62,"type":"if","locations":[{"start":{"line":62,"column":4},"end":{"line":62,"column":4}},{"start":{"line":62,"column":4},"end":{"line":62,"column":4}}]},"8":{"line":68,"type":"if","locations":[{"start":{"line":68,"column":4},"end":{"line":68,"column":4}},{"start":{"line":68,"column":4},"end":{"line":68,"column":4}}]},"9":{"line":72,"type":"if","locations":[{"start":{"line":72,"column":2},"end":{"line":72,"column":2}},{"start":{"line":72,"column":2},"end":{"line":72,"column":2}}]},"10":{"line":72,"type":"binary-expr","locations":[{"start":{"line":72,"column":6},"end":{"line":72,"column":17}},{"start":{"line":72,"column":21},"end":{"line":72,"column":38}}]},"11":{"line":74,"type":"if","locations":[{"start":{"line":74,"column":2},"end":{"line":74,"column":2}},{"start":{"line":74,"column":2},"end":{"line":74,"column":2}}]},"12":{"line":94,"type":"binary-expr","locations":[{"start":{"line":94,"column":16},"end":{"line":94,"column":25}},{"start":{"line":94,"column":29},"end":{"line":94,"column":31}}]},"13":{"line":94,"type":"binary-expr","locations":[{"start":{"line":94,"column":36},"end":{"line":94,"column":45}},{"start":{"line":94,"column":49},"end":{"line":94,"column":51}}]},"14":{"line":95,"type":"binary-expr","locations":[{"start":{"line":95,"column":13},"end":{"line":95,"column":22}},{"start":{"line":95,"column":26},"end":{"line":95,"column":28}}]},"15":{"line":106,"type":"binary-expr","locations":[{"start":{"line":106,"column":15},"end":{"line":106,"column":24}},{"start":{"line":106,"column":28},"end":{"line":106,"column":30}}]},"16":{"line":107,"type":"binary-expr","locations":[{"start":{"line":107,"column":14},"end":{"line":107,"column":22}},{"start":{"line":107,"column":26},"end":{"line":107,"column":43}}]},"17":{"line":111,"type":"binary-expr","locations":[{"start":{"line":111,"column":16},"end":{"line":111,"column":21}},{"start":{"line":111,"column":25},"end":{"line":111,"column":36}}]},"18":{"line":128,"type":"if","locations":[{"start":{"line":128,"column":4},"end":{"line":128,"column":4}},{"start":{"line":128,"column":4},"end":{"line":128,"column":4}}]},"19":{"line":130,"type":"if","locations":[{"start":{"line":130,"column":11},"end":{"line":130,"column":11}},{"start":{"line":130,"column":11},"end":{"line":130,"column":11}}]},"20":{"line":140,"type":"if","locations":[{"start":{"line":140,"column":6},"end":{"line":140,"column":6}},{"start":{"line":140,"column":6},"end":{"line":140,"column":6}}]},"21":{"line":140,"type":"binary-expr","locations":[{"start":{"line":140,"column":10},"end":{"line":140,"column":15}},{"start":{"line":140,"column":19},"end":{"line":141,"column":45}}]},"22":{"line":147,"type":"if","locations":[{"start":{"line":147,"column":4},"end":{"line":147,"column":4}},{"start":{"line":147,"column":4},"end":{"line":147,"column":4}}]},"23":{"line":149,"type":"if","locations":[{"start":{"line":149,"column":11},"end":{"line":149,"column":11}},{"start":{"line":149,"column":11},"end":{"line":149,"column":11}}]},"24":{"line":159,"type":"if","locations":[{"start":{"line":159,"column":4},"end":{"line":159,"column":4}},{"start":{"line":159,"column":4},"end":{"line":159,"column":4}}]},"25":{"line":159,"type":"binary-expr","locations":[{"start":{"line":159,"column":8},"end":{"line":159,"column":14}},{"start":{"line":160,"column":8},"end":{"line":160,"column":22}},{"start":{"line":161,"column":8},"end":{"line":161,"column":61}}]},"26":{"line":166,"type":"if","locations":[{"start":{"line":166,"column":4},"end":{"line":166,"column":4}},{"start":{"line":166,"column":4},"end":{"line":166,"column":4}}]},"27":{"line":169,"type":"if","locations":[{"start":{"line":169,"column":4},"end":{"line":169,"column":4}},{"start":{"line":169,"column":4},"end":{"line":169,"column":4}}]},"28":{"line":174,"type":"if","locations":[{"start":{"line":174,"column":4},"end":{"line":174,"column":4}},{"start":{"line":174,"column":4},"end":{"line":174,"column":4}}]},"29":{"line":174,"type":"binary-expr","locations":[{"start":{"line":174,"column":8},"end":{"line":174,"column":22}},{"start":{"line":174,"column":26},"end":{"line":174,"column":42}}]},"30":{"line":181,"type":"if","locations":[{"start":{"line":181,"column":2},"end":{"line":181,"column":2}},{"start":{"line":181,"column":2},"end":{"line":181,"column":2}}]},"31":{"line":193,"type":"binary-expr","locations":[{"start":{"line":193,"column":10},"end":{"line":193,"column":72}},{"start":{"line":194,"column":9},"end":{"line":194
[...]
nd":{"line":622,"column":0}},{"start":{"line":622,"column":0},"end":{"line":622,"column":0}}]}},"code":["// Copyright Joyent, Inc. and other Node contributors.","//","// Permission is hereby granted, free of charge, to any person obtaining a","// copy of this software and associated documentation files (the","// \"Software\"), to deal in the Software without restriction, including","// without limitation the rights to use, copy, modify, merge, publish,","// distribute, sublicense, and/or sell copies of the Software, and to permit","// persons to whom the Software is furnished to do so, subject to the","// following conditions:","//","// The above copyright notice and this permission notice shall be included","// in all copies or substantial portions of the Software.","//","// THE SOFTWARE IS PROVIDED \"AS IS\", WITHOUT WARRANTY OF ANY KIND, EXPRESS","// OR IMPLIED, INCLUDING BUT NOT LIMITED TO THE WARRANTIES OF","// MERCHANTABILITY, FITNESS FOR A PARTICULAR PURPOSE AND NONINFRINGEMENT. IN","// NO EVENT SHALL THE AUTHORS OR COPYRIGHT HOLDERS BE LIABLE FOR ANY CLAIM,","// DAMAGES OR OTHER LIABILITY, WHETHER IN AN ACTION OF CONTRACT, TORT OR","// OTHERWISE, ARISING FROM, OUT OF OR IN CONNECTION WITH THE SOFTWARE OR THE","// USE OR OTHER DEALINGS IN THE SOFTWARE.","","'use strict';","","","var isWindows = process.platform === 'win32';","var util = require('util');","","","// resolves . and .. elements in a path array with directory names there","// must be no slashes or device names (c:\\) in the array","// (so also no leading and trailing slashes - it does not distinguish","// relative and absolute paths)","function normalizeArray(parts, allowAboveRoot) {","  var res = [];","  for (var i = 0; i < parts.length; i++) {","    var p = parts[i];","","    // ignore empty parts","    if (!p || p === '.')","      continue;","","    if (p === '..') {","      if (res.length && res[res.length - 1] !== '..') {","        res.pop();","      } else if (allowAboveRoot) {","        res.push('..');","      }","    } else {","      res.push(p);","    }","  }","","  return res;","}","","// returns an array with empty elements removed from either end of the input","// array or the original array if no elements need to be removed","function trimArray(arr) {","  var lastIndex = arr.length - 1;","  var start = 0;","  for (; start <= lastIndex; start++) {","    if (arr[start])","      break;","  }","","  var end = lastIndex;","  for (; end >= 0; end--) {","    if (arr[end])","      break;","  }","","  if (start === 0 && end === lastIndex)","    return arr;","  if (start > end)","    return [];","  return arr.slice(start, end + 1);","}","","// Regex to split a windows path into three parts: [*, device, slash,","// tail] windows-only","var splitDeviceRe =","    /^([a-zA-Z]:|[\\\\\\/]{2}[^\\\\\\/]+[\\\\\\/]+[^\\\\\\/]+)?([\\\\\\/])?([\\s\\S]*?)$/;","","// Regex to split the tail part of the above into [*, dir, basename, ext]","var splitTailRe =","    /^([\\s\\S]*?)((?:\\.{1,2}|[^\\\\\\/]+?|)(\\.[^.\\/\\\\]*|))(?:[\\\\\\/]*)$/;","","var win32 = {};","","// Function to split a filename into [root, dir, basename, ext]","function win32SplitPath(filename) {","  // Separate device+slash from tail","  var result = splitDeviceRe.exec(filename),","      device = (result[1] || '') + (result[2] || ''),","      tail = result[3] || '';","  // Split the tail into dir, basename and extension","  var result2 = splitTailRe.exec(tail),","      dir = result2[1],","      basename = result2[2],","      ext = result2[3];","  return [device, dir, basename, ext];","}","","function win32StatPath(path) {","  var result = splitDeviceRe.exec(path),","      device = result[1] || '',","      isUnc = !!device && device[1] !== ':';","  return {","    device: device,","    isUnc: isUnc,","    isAbsolute: isUnc || !!result[2], // UNC paths are always absolute","    tail: result[3]","  };","}","","function normalizeUNCRoot(device) {","  return '\\\\\\\\' + device.replace(/^[\\\\\\/]+/, '').replace(/[\\\\\\/]+/g, '\\\\');","}","","// path.resolve([from ...], to)","win32.resolve = function() {","  var resolvedDevice = '',","      resolvedTail = '',","      resolvedAbsolute = false;","","  for (var i = arguments.length - 1; i >= -1; i--) {","    var path;","    if (i >= 0) {","      path = arguments[i];","    } else if (!resolvedDevice) {","      path = process.cwd();","    } else {","      // Windows has the concept of drive-specific current working","      // directories. If we've resolved a drive letter but not yet an","      // absolute path, get cwd for that drive. We're sure the device is not","      // an unc path at this points, because unc paths are always absolute.","      path = process.env['=' + resolvedDevice];","      // Verify that a drive-local cwd was found and that it actually points","      // to our drive. If not, default to the drive's root.","      if (!path || path.substr(0, 3).toLowerCase() !==","          resolvedDevice.toLowerCase() + '\\\\') {","        path = resolvedDevice + '\\\\';","      }","    }","","    // Skip empty and invalid entries","    if (!util.isString(path)) {","      throw new TypeError('Arguments to path.resolve must be strings');","    } else if (!path) {","      continue;","    }","","    var result = win32StatPath(path),","        device = result.device,","        isUnc = result.isUnc,","        isAbsolute = result.isAbsolute,","        tail = result.tail;","","    if (device &&","        resolvedDevice &&","        device.toLowerCase() !== resolvedDevice.toLowerCase()) {","      // This path points to another device so it is not applicable","      continue;","    }","","    if (!resolvedDevice) {","      resolvedDevice = device;","    }","    if (!resolvedAbsolute) {","      resolvedTail = tail + '\\\\' + resolvedTail;","      resolvedAbsolute = isAbsolute;","    }","","    if (resolvedDevice && resolvedAbsolute) {","      break;","    }","  }","","  // Convert slashes to backslashes when `resolvedDevice` points to an UNC","  // root. Also squash multiple slashes into a single one where appropriate.","  if (isUnc) {","    resolvedDevice = normalizeUNCRoot(resolvedDevice);","  }","","  // At this point the path should be resolved to a full absolute path,","  // but handle relative paths to be safe (might happen when process.cwd()","  // fails)","","  // Normalize the tail path","  resolvedTail = normalizeArray(resolvedTail.split(/[\\\\\\/]+/),","                                !resolvedAbsolute).join('\\\\');","","  return (resolvedDevice + (resolvedAbsolute ? '\\\\' : '') + resolvedTail) ||","         '.';","};","","","win32.normalize = function(path) {","  var result = win32StatPath(path),","      device = result.device,","      isUnc = result.isUnc,","      isAbsolute = result.isAbsolute,","      tail = result.tail,","      trailingSlash = /[\\\\\\/]$/.test(tail);","","  // Normalize the tail path","  tail = normalizeArray(tail.split(/[\\\\\\/]+/), !isAbsolute).join('\\\\');","","  if (!tail && !isAbsolute) {","    tail = '.';","  }","  if (tail && trailingSlash) {","    tail += '\\\\';","  }","","  // Convert slashes to backslashes when `device` points to an UNC root.","  // Also squash multiple slashes into a single one where appropriate.","  if (isUnc) {","    device = normalizeUNCRoot(device);","  }","","  return device + (isAbsolute ? '\\\\' : '') + tail;","};","","","win32.isAbsolute = function(path) {","  return win32StatPath(path).isAbsolute;","};","","win32.join = function() {","  var paths = [];","  for (var i = 0; i < arguments.length; i++) {","    var arg = arguments[i];","    if (!util.isString(arg)) {","      throw new TypeError('Arguments to path.join must be strings');","    }","    if (arg) {","      paths.push(arg);","    }","  }","","  var joined = paths.join('\\\\');","","  // Make sure that the joined path doesn't start with two slashes, because","  // normalize() will mistake it for an UNC path then.","  //","  // This step is skipped when it is very clear that the user actually","  // intended to point at an UNC path. This is assumed when the first","  // non-empty string arguments starts with exactly two slashes followed by","  // at least one more non-slash character.","  //","  // Note that for normalize() to treat a path as an UNC path it needs to","  // have at least 2 components, so we don't filter for that here.","  // This means that the user can use join to construct UNC paths from","  // a server name and a share name; for example:","  //   path.join('//server', 'share') -> '\\\\\\\\server\\\\share\\')","  if (!/^[\\\\\\/]{2}[^\\\\\\/]/.test(paths[0])) {","    joined = joined.replace(/^[\\\\\\/]{2,}/, '\\\\');","  }","","  return win32.normalize(joined);","};","","","// path.relative(from, to)","// it will solve the relative path from 'from' to 'to', for instance:","// from = 'C:\\\\orandea\\\\test\\\\aaa'","// to = 'C:\\\\orandea\\\\impl\\\\bbb'","// The output of the function should be: '..\\\\..\\\\impl\\\\bbb'","win32.relative = function(from, to) {","  from = win32.resolve(from);","  to = win32.resolve(to);","","  // windows is not case sensitive","  var lowerFrom = from.toLowerCase();","  var lowerTo = to.toLowerCase();","","  var toParts = trimArray(to.split('\\\\'));","","  var lowerFromParts = trimArray(lowerFrom.split('\\\\'));","  var lowerToParts = trimArray(lowerTo.split('\\\\'));","","  var length = Math.min(lowerFromParts.length, lowerToParts.length);","  var samePartsLength = length;","  for (var i = 0; i < length; i++) {","    if (lowerFromParts[i] !== lowerToParts[i]) {","      samePartsLength = i;","      break;","    }","  }","","  if (samePartsLength == 0) {","    return to;","  }","","  var outputParts = [];","  for (var i = samePartsLength; i < lowerFromParts.length; i++) {","    outputParts.push('..');","  }","","  outputParts = outputParts.concat(toParts.slice(samePartsLength));","","  return outputParts.join('\\\\');","};","","","win32._makeLong = function(path) {","  // Note: this will *probably* throw somewhere.","  if (!util.isString(path))","    return path;","","  if (!path) {","    return '';","  }","","  var resolvedPath = win32.resolve(path);","","  if (/^[a-zA-Z]\\:\\\\/.test(resolvedPath)) {","    // path is local filesystem path, which needs to be converted","    // to long UNC path.","    return '\\\\\\\\?\\\\' + resolvedPath;","  } else if (/^\\\\\\\\[^?.]/.test(resolvedPath)) {","    // path is network UNC path, which needs to be converted","    // to long UNC path.","    return '\\\\\\\\?\\\\UNC\\\\' + resolvedPath.substring(2);","  }","","  return path;","};","","","win32.dirname = function(path) {","  var result = win32SplitPath(path),","      root = result[0],","      dir = result[1];","","  if (!root && !dir) {","    // No dirname whatsoever","    return '.';","  }","","  if (dir) {","    // It has a dirname, strip trailing slash","    dir = dir.substr(0, dir.length - 1);","  }","","  return root + dir;","};","","","win32.basename = function(path, ext) {","  var f = win32SplitPath(path)[2];","  // TODO: make this comparison case-insensitive on windows?","  if (ext && f.substr(-1 * ext.length) === ext) {","    f = f.substr(0, f.length - ext.length);","  }","  return f;","};","","","win32.extname = function(path) {","  return win32SplitPath(path)[3];","};","","","win32.format = function(pathObject) {","  if (!util.isObject(pathObject)) {","    throw new TypeError(","        \"Parameter 'pathObject' must be an object, not \" + typeof pathObject","    );","  }","","  var root = pathObject.root || '';","","  if (!util.isString(root)) {","    throw new TypeError(","        \"'pathObject.root' must be a string or undefined, not \" +","        typeof pathObject.root","    );","  }","","  var dir = pathObject.dir;","  var base = pathObject.base || '';","  if (!dir) {","    return base;","  }","  if (dir[dir.length - 1] === win32.sep) {","    return dir + base;","  }","  return dir + win32.sep + base;","};","","","win32.parse = function(pathString) {","  if (!util.isString(pathString)) {","    throw new TypeError(","        \"Parameter 'pathString' must be a string, not \" + typeof pathString","    );","  }","  var allParts = win32SplitPath(pathString);","  if (!allParts || allParts.length !== 4) {","    throw new TypeError(\"Invalid path '\" + pathString + \"'\");","  }","  return {","    root: allParts[0],","    dir: allParts[0] + allParts[1].slice(0, -1),","    base: allParts[2],","    ext: allParts[3],","    name: allParts[2].slice(0, allParts[2].length - allParts[3].length)","  };","};","","","win32.sep = '\\\\';","win32.delimiter = ';';","","","// Split a filename into [root, dir, basename, ext], unix version","// 'root' is just a slash, or nothing.","var splitPathRe =","    /^(\\/?|)([\\s\\S]*?)((?:\\.{1,2}|[^\\/]+?|)(\\.[^.\\/]*|))(?:[\\/]*)$/;","var posix = {};","","","function posixSplitPath(filename) {","  return splitPathRe.exec(filename).slice(1);","}","","","// path.resolve([from ...], to)","// posix version","posix.resolve = function() {","  var resolvedPath = '',","      resolvedAbsolute = false;","","  for (var i = arguments.length - 1; i >= -1 && !resolvedAbsolute; i--) {","    var path = (i >= 0) ? arguments[i] : process.cwd();","","    // Skip empty and invalid entries","    if (!util.isString(path)) {","      throw new TypeError('Arguments to path.resolve must be strings');","    } else if (!path) {","      continue;","    }","","    resolvedPath = path + '/' + resolvedPath;","    resolvedAbsolute = path[0] === '/';","  }","","  // At this point the path should be resolved to a full absolute path, but","  // handle relative paths to be safe (might happen when process.cwd() fails)","","  // Normalize the path","  resolvedPath = normalizeArray(resolvedPath.split('/'),","                                !resolvedAbsolute).join('/');","","  return ((resolvedAbsolute ? '/' : '') + resolvedPath) || '.';","};","","// path.normalize(path)","// posix version","posix.normalize = function(path) {","  var isAbsolute = posix.isAbsolute(path),","      trailingSlash = path && path[path.length - 1] === '/';","","  // Normalize the path","  path = normalizeArray(path.split('/'), !isAbsolute).join('/');","","  if (!path && !isAbsolute) {","    path = '.';","  }","  if (path && trailingSlash) {","    path += '/';","  }","","  return (isAbsolute ? '/' : '') + path;","};","","// posix version","posix.isAbsolute = function(path) {","  return path.charAt(0) === '/';","};","","// posix version","posix.join = function() {","  var path = '';","  for (var i = 0; i < arguments.length; i++) {","    var segment = arguments[i];","    if (!util.isString(segment)) {","      throw new TypeError('Arguments to path.join must be strings');","    }","    if (segment) {","      if (!path) {","        path += segment;","      } else {","        path += '/' + segment;","      }","    }","  }","  return posix.normalize(path);","};","","","// path.relative(from, to)","// posix version","posix.relative = function(from, to) {","  from = posix.resolve(from).substr(1);","  to = posix.resolve(to).substr(1);","","  var fromParts = trimArray(from.split('/'));","  var toParts = trimArray(to.split('/'));","","  var length = Math.min(fromParts.length, toParts.length);","  var samePartsLength = length;","  for (var i = 0; i < length; i++) {","    if (fromParts[i] !== toParts[i]) {","      samePartsLength = i;","      break;","    }","  }","","  var outputParts = [];","  for (var i = samePartsLength; i < fromParts.length; i++) {","    outputParts.push('..');","  }","","  outputParts = outputParts.concat(toParts.slice(samePartsLength));","","  return outputParts.join('/');","};","","","posix._makeLong = function(path) {","  return path;","};","","","posix.dirname = function(path) {","  var result = posixSplitPath(path),","      root = result[0],","      dir = result[1];","","  if (!root && !dir) {","    // No dirname whatsoever","    return '.';","  }","","  if (dir) {","    // It has a dirname, strip trailing slash","    dir = dir.substr(0, dir.length - 1);","  }","","  return root + dir;","};","","","posix.basename = function(path, ext) {","  var f = posixSplitPath(path)[2];","  // TODO: make this comparison case-insensitive on windows?","  if (ext && f.substr(-1 * ext.length) === ext) {","    f = f.substr(0, f.length - ext.length);","  }","  return f;","};","","","posix.extname = function(path) {","  return posixSplitPath(path)[3];","};","","","posix.format = function(pathObject) {","  if (!util.isObject(pathObject)) {","    throw new TypeError(","        \"Parameter 'pathObject' must be an object, not \" + typeof pathObject","    );","  }","","  var root = pathObject.root || '';","","  if (!util.isString(root)) {","    throw new TypeError(","        \"'pathObject.root' must be a string or undefined, not \" +","        typeof pathObject.root","    );","  }","","  var dir = pathObject.dir ? pathObject.dir + posix.sep : '';","  var base = pathObject.base || '';","  return dir + base;","};","","","posix.parse = function(pathString) {","  if (!util.isString(pathString)) {","    throw new TypeError(","        \"Parameter 'pathString' must be a string, not \" + typeof pathString","    );","  }","  var allParts = posixSplitPath(pathString);","  if (!allParts || allParts.length !== 4) {","    throw new TypeError(\"Invalid path '\" + pathString + \"'\");","  }","  allParts[1] = allParts[1] || '';","  allParts[2] = allParts[2] || '';","  allParts[3] = allParts[3] || '';","","  return {","    root: allParts[0],","    dir: allParts[0] + allParts[1].slice(0, -1),","    base: allParts[2],","    ext: allParts[3],","    name: allParts[2].slice(0, allParts[2].length - allParts[3].length)","  };","};","","","posix.sep = '/';","posix.delimiter = ':';","","","if (isWindows)","  module.exports = win32;","else /* posix */","  module.exports = posix;","","module.exports.posix = posix;","module.exports.win32 = win32;",""],"l":{"25":1,"26":1,"33":1,"34":0,"35":0,"36":0,"39":0,"40":0,"42":0,"43":0,"44":0,"45":0,"46":0,"49":0,"53":0,"58":1,"59":0,"60":0,"61":0,"62":0,"63":0,"66":0,"67":0,"68":0,"69":0,"72":0,"73":0,"74":0,"75":0,"76":0,"81":1,"85":1,"88":1,"91":1,"93":0,"97":0,"101":0,"104":1,"105":0,"108":0,"116":1,"117":0,"121":1,"122":0,"126":0,"127":0,"128":0,"129":0,"130":0,"131":0,"137":0,"140":0,"142":0,"147":0,"148":0,"149":0,"150":0,"153":0,"159":0,"163":0,"166":0,"167":0,"169":0,"170":0,"171":0,"174":0,"175":0,"181":0,"182":0,"190":0,"193":0,"198":1,"199":0,"207":0,"209":0,"210":0,"212":0,"213":0,"218":0,"219":0,"222":0,"226":1,"227":0,"230":1,"231":0,"232":0,"233":0,"234":0,"235":0,"237":0,"238":0,"242":0,"257":0,"258":0,"261":0,"270":1,"271":0,"272":0,"275":0,"276":0,"278":0,"280":0,"281":0,"283":0,"284":0,"285":0,"286":0,"287":0,"288":0,"292":0,"293":0,"296":0,"297":0,"298":0,"301":0,"303":0,"307":1,"309":0,"310":0,"312":0,"313":0,"316":0,"318":0,"321":0,"322":0,"325":0,"328":0,"332":1,"333":0,"337":0,"339":0,"342":0,"344":0,"347":0,"351":1,"352":0,"354":0,"355":0,"357":0,"361":1,"362":0,"366":1,"367":0,"368":0,"373":0,"375":0,"376":0,"382":0,"383":0,"384":0,"385":0,"387":0,"388":0,"390":0,"394":1,"395":0,"396":0,"400":0,"401":0,"402":0,"404":0,"414":1,"415":1,"420":1,"422":1,"425":1,"426":0,"432":1,"433":0,"436":0,"437":0,"440":0,"441":0,"442":0,"443":0,"446":0,"447":0,"454":0,"457":0,"462":1,"463":0,"467":0,"469":0,"470":0,"472":0,"473":0,"476":0,"480":1,"481":0,"485":1,"486":0,"487":0,"488":0,"489":0,"490":0,"492":0,"493":0,"494":0,"496":0,"500":0,"506":1,"507":0,"508":0,"510":0,"511":0,"513":0,"514":0,"515":0,"516":0,"517":0,"518":0,"522":0,"523":0,"524":0,"527":0,"529":0,"533":1,"534":0,"538":1,"539":0,"543":0,"545":0,"548":0,"550":0,"553":0,"557":1,"558":0,"560":0,"561":0,"563":0,"567":1,"568":0,"572":1,"573":0,"574":0,"579":0,"581":0,"582":0,"588":0,"589":0,"590":0,"594":1,"595":0,"596":0,"600":0,"601":0,"602":0,"604":0,"605":0,"606":0,"608":0,"618":1,"619":1,"622":1,"623":0,"625":1,"627":1,"628":1}}}